timestamp,channel0,channel1,channel2,channel3
2024-12-24T00:32:00.576375Z,460,596,825,554
2024-12-24T00:32:01.586616Z,470,596,826,548
2024-12-24T00:32:02.594472Z,471,597,826,547
2024-12-24T00:32:03.606262Z,472,596,825,547
2024-12-24T00:32:04.617377Z,473,596,825,545
2024-12-24T00:32:05.625340Z,473,596,825,545
2024-12-24T00:32:06.637114Z,473,597,825,543
2024-12-24T00:32:07.648307Z,474,597,825,542
2024-12-24T00:32:08.656268Z,474,596,825,541
2024-12-24T00:32:09.668239Z,474,597,825,541
2024-12-24T00:32:10.679159Z,474,596,825,543
2024-12-24T00:32:11.687151Z,474,596,824,544
2024-12-24T00:32:12.699114Z,473,596,825,544
2024-12-24T00:32:13.710088Z,473,595,824,544
2024-12-24T00:32:14.718047Z,474,596,822,545
2024-12-24T00:32:15.729807Z,474,596,824,545
2024-12-24T00:32:16.740776Z,474,595,825,544
2024-12-24T00:32:17.748949Z,473,595,824,544
2024-12-24T00:32:18.760716Z,474,594,825,547
2024-12-24T00:32:19.771884Z,474,595,824,549
2024-12-24T00:32:20.779857Z,474,596,825,548
2024-12-24T00:32:21.791797Z,474,596,824,548
2024-12-24T00:32:22.802776Z,475,596,825,547
2024-12-24T00:32:23.810740Z,475,597,826,547
2024-12-24T00:32:24.822690Z,475,597,824,547
2024-12-24T00:32:25.833675Z,475,598,824,545
2024-12-24T00:32:26.841643Z,474,598,825,544
2024-12-24T00:32:27.853430Z,475,598,826,544
2024-12-24T00:32:28.864453Z,476,600,826,561
2024-12-24T00:32:29.872532Z,476,598,827,555
2024-12-24T00:32:30.884431Z,476,598,827,552
2024-12-24T00:32:31.895465Z,476,597,827,550
2024-12-24T00:32:32.903418Z,476,597,827,548
2024-12-24T00:32:33.915424Z,476,596,825,546
2024-12-24T00:32:34.926389Z,475,596,826,545
2024-12-24T00:32:35.934343Z,476,596,825,545
2024-12-24T00:32:36.946304Z,475,596,825,544
2024-12-24T00:32:37.957276Z,475,596,827,543
2024-12-24T00:32:38.965239Z,476,596,827,542
2024-12-24T00:32:39.977017Z,475,596,826,542
2024-12-24T00:32:40.988219Z,475,596,828,542
2024-12-24T00:32:41.996168Z,476,596,827,542
2024-12-24T00:32:43.008102Z,476,596,826,541
2024-12-24T00:32:44.019070Z,476,595,826,541
2024-12-24T00:32:45.027055Z,476,595,826,541
2024-12-24T00:32:46.039019Z,476,595,826,540
2024-12-24T00:32:47.049964Z,476,596,826,541
2024-12-24T00:32:48.057947Z,475,595,825,540
2024-12-24T00:32:49.069710Z,475,595,826,541
2024-12-24T00:32:50.080660Z,475,595,825,540
2024-12-24T00:32:51.088833Z,476,595,825,540
2024-12-24T00:32:52.100618Z,476,595,825,540
2024-12-24T00:32:53.111794Z,476,596,824,540
2024-12-24T00:32:54.119756Z,475,595,826,539
2024-12-24T00:32:55.130713Z,475,595,826,538
2024-12-24T00:32:56.138684Z,476,595,825,538
2024-12-24T00:32:57.146663Z,476,595,825,538
2024-12-24T00:32:58.157585Z,476,595,825,537
2024-12-24T00:32:59.165584Z,476,596,825,537
2024-12-24T00:33:00.177360Z,476,596,825,537
2024-12-24T00:33:01.188420Z,476,596,826,537
2024-12-24T00:33:02.196507Z,476,596,825,537
2024-12-24T00:33:03.208418Z,476,595,825,537
2024-12-24T00:33:04.219414Z,476,596,825,537
2024-12-24T00:33:05.227392Z,476,596,826,537
2024-12-24T00:33:06.239356Z,475,596,825,536
2024-12-24T00:33:07.250320Z,475,596,826,536
2024-12-24T00:33:08.258245Z,475,596,826,536
2024-12-24T00:33:09.270247Z,475,595,826,536
2024-12-24T00:33:10.281212Z,474,595,826,536
2024-12-24T00:33:11.289186Z,474,595,826,536
2024-12-24T00:33:12.300964Z,474,595,826,536
2024-12-24T00:33:13.312152Z,474,595,826,536
2024-12-24T00:33:14.320080Z,474,594,824,536
2024-12-24T00:33:15.332026Z,474,594,825,535
2024-12-24T00:33:16.343015Z,474,594,825,535
2024-12-24T00:33:17.350986Z,474,594,824,535
2024-12-24T00:33:18.362941Z,474,594,824,535
2024-12-24T00:33:19.373899Z,474,594,824,535
2024-12-24T00:33:20.381889Z,474,594,825,534
2024-12-24T00:33:21.393656Z,474,594,824,534
2024-12-24T00:33:22.404635Z,474,594,825,534
2024-12-24T00:33:23.412787Z,474,594,824,535
2024-12-24T00:33:24.424562Z,473,595,825,534
2024-12-24T00:33:25.435703Z,473,594,824,534
2024-12-24T00:33:26.443676Z,479,600,825,556
2024-12-24T00:33:27.455636Z,655,832,912,333
2024-12-24T00:33:28.466633Z,431,480,911,348
2024-12-24T00:33:29.474577Z,315,405,874,381
2024-12-24T00:33:30.486536Z,322,403,872,372
2024-12-24T00:33:31.497507Z,306,393,866,356
2024-12-24T00:33:32.505487Z,279,367,864,333
2024-12-24T00:33:33.517257Z,278,366,863,331
2024-12-24T00:33:34.528373Z,278,364,864,329
2024-12-24T00:33:35.536370Z,280,380,865,334
2024-12-24T00:33:36.548361Z,279,358,863,324
2024-12-24T00:33:37.559308Z,273,362,861,317
2024-12-24T00:33:38.567271Z,281,388,859,340
2024-12-24T00:33:39.578241Z,276,379,856,334
2024-12-24T00:33:40.586230Z,276,378,852,332
2024-12-24T00:33:41.594167Z,276,377,853,331
2024-12-24T00:33:42.605134Z,276,377,852,330
2024-12-24T00:33:43.613129Z,277,377,852,329
2024-12-24T00:33:44.624892Z,278,363,852,323
2024-12-24T00:33:45.636078Z,276,360,851,321
2024-12-24T00:33:46.644034Z,276,360,851,321
2024-12-24T00:33:47.655981Z,276,361,851,321
2024-12-24T00:33:48.666952Z,275,360,851,320
2024-12-24T00:33:49.674923Z,275,360,850,320
2024-12-24T00:33:50.686888Z,278,365,850,321
2024-12-24T00:33:51.697856Z,274,359,848,316
2024-12-24T00:33:52.705804Z,272,354,848,314
2024-12-24T00:33:53.717602Z,271,350,848,313
2024-12-24T00:33:54.728559Z,271,350,847,313
2024-12-24T00:33:55.736717Z,271,350,847,312
2024-12-24T00:33:56.748508Z,271,350,847,312
2024-12-24T00:33:57.759642Z,271,350,849,312
2024-12-24T00:33:58.767618Z,271,350,847,312
2024-12-24T00:33:59.779583Z,271,350,849,311
2024-12-24T00:34:00.790567Z,271,350,849,311
2024-12-24T00:34:01.798506Z,271,350,851,311
2024-12-24T00:34:02.810471Z,271,350,848,311
2024-12-24T00:34:03.821457Z,271,350,849,310
2024-12-24T00:34:04.829411Z,272,351,849,310
2024-12-24T00:34:05.841189Z,272,352,849,310
2024-12-24T00:34:06.852351Z,272,352,848,310
2024-12-24T00:34:07.860342Z,273,352,848,311
2024-12-24T00:34:08.872308Z,273,352,847,310
2024-12-24T00:34:09.883281Z,273,353,845,311
2024-12-24T00:34:10.891224Z,273,353,846,310
2024-12-24T00:34:11.903163Z,273,354,846,310
2024-12-24T00:34:12.914140Z,274,354,848,311
2024-12-24T00:34:13.922136Z,273,354,848,311
2024-12-24T00:34:14.934099Z,274,354,847,311
2024-12-24T00:34:15.944890Z,273,354,847,311
2024-12-24T00:34:16.953007Z,273,354,847,311
2024-12-24T00:34:17.964791Z,273,354,847,311
2024-12-24T00:34:18.975963Z,273,354,846,312
2024-12-24T00:34:19.983916Z,273,354,845,311
2024-12-24T00:34:20.995863Z,274,354,845,311
2024-12-24T00:34:22.006840Z,274,354,845,312
2024-12-24T00:34:23.014834Z,274,354,843,312
2024-12-24T00:34:24.026776Z,274,354,846,311
2024-12-24T00:34:25.037758Z,274,354,845,311
2024-12-24T00:34:26.045702Z,274,354,843,311
2024-12-24T00:34:27.056479Z,274,354,843,312
2024-12-24T00:34:28.064641Z,274,354,842,312
2024-12-24T00:34:29.072613Z,275,355,843,311
2024-12-24T00:34:30.083565Z,275,356,842,312
2024-12-24T00:34:31.091552Z,275,355,842,312
2024-12-24T00:34:32.103505Z,275,356,842,312
2024-12-24T00:34:33.114486Z,274,355,842,312
2024-12-24T00:34:34.122380Z,274,355,843,312
2024-12-24T00:34:35.134425Z,274,355,843,312
2024-12-24T00:34:36.145408Z,274,356,841,312
2024-12-24T00:34:37.153362Z,274,356,842,312
2024-12-24T00:34:38.165141Z,274,356,840,312
2024-12-24T00:34:39.176332Z,274,356,840,312
2024-12-24T00:34:40.184186Z,274,356,841,312
2024-12-24T00:34:41.196266Z,274,356,841,312
2024-12-24T00:34:42.207181Z,274,356,841,312
2024-12-24T00:34:43.215171Z,274,356,840,312
2024-12-24T00:34:44.227099Z,274,356,840,312
2024-12-24T00:34:45.238093Z,273,356,840,312
2024-12-24T00:34:46.246058Z,273,356,841,312
2024-12-24T00:34:47.257826Z,273,355,840,312
2024-12-24T00:34:48.268815Z,273,356,841,311
2024-12-24T00:34:49.276956Z,273,355,841,311
2024-12-24T00:34:50.288733Z,273,355,841,311
2024-12-24T00:34:51.299907Z,272,356,842,312
2024-12-24T00:34:52.307869Z,273,355,840,311
2024-12-24T00:34:53.319869Z,273,355,841,311
2024-12-24T00:34:54.330836Z,272,355,841,311
2024-12-24T00:34:55.338805Z,272,355,840,311
2024-12-24T00:34:56.350638Z,273,355,841,311
2024-12-24T00:34:57.361718Z,273,356,840,310
2024-12-24T00:34:58.369671Z,272,355,839,310
2024-12-24T00:34:59.381429Z,272,355,837,310
2024-12-24T00:35:00.392452Z,272,355,839,310
2024-12-24T00:35:01.400608Z,272,355,839,310
2024-12-24T00:35:02.412347Z,272,355,839,310
2024-12-24T00:35:03.423528Z,272,355,839,310
2024-12-24T00:35:04.431787Z,273,355,837,310
2024-12-24T00:35:05.443455Z,273,355,838,310
2024-12-24T00:35:06.454432Z,273,355,838,310
2024-12-24T00:35:07.462404Z,273,355,838,310
2024-12-24T00:35:08.475048Z,273,355,837,310
2024-12-24T00:35:09.485302Z,274,355,837,310
2024-12-24T00:35:10.493254Z,274,355,837,310
2024-12-24T00:35:11.505029Z,274,356,838,310
2024-12-24T00:35:12.516223Z,273,355,837,310
2024-12-24T00:35:13.524175Z,273,356,836,310
2024-12-24T00:35:14.535121Z,273,356,836,310
2024-12-24T00:35:15.543075Z,273,356,836,310
2024-12-24T00:35:16.551078Z,273,356,837,310
2024-12-24T00:35:17.562022Z,273,357,837,310
2024-12-24T00:35:18.569988Z,273,356,835,310
2024-12-24T00:35:19.581812Z,273,356,837,310
2024-12-24T00:35:20.592775Z,273,356,837,310
2024-12-24T00:35:21.600942Z,273,356,836,310
2024-12-24T00:35:22.612996Z,273,356,835,310
2024-12-24T00:35:23.623912Z,273,356,836,310
2024-12-24T00:35:24.631826Z,273,356,836,310
2024-12-24T00:35:25.643807Z,273,356,836,310
2024-12-24T00:35:26.654711Z,273,356,836,310
2024-12-24T00:35:27.662746Z,272,356,834,310
2024-12-24T00:35:28.674675Z,272,355,835,310
2024-12-24T00:35:29.685634Z,272,355,835,310
2024-12-24T00:35:30.693609Z,272,355,836,310
2024-12-24T00:35:31.705379Z,272,355,835,310
2024-12-24T00:35:32.716440Z,272,355,836,309
2024-12-24T00:35:33.724514Z,272,355,835,309
2024-12-24T00:35:34.736411Z,272,355,835,310
2024-12-24T00:35:35.747430Z,272,355,836,310
2024-12-24T00:35:36.755407Z,272,355,835,310
2024-12-24T00:35:37.767411Z,271,355,835,309
2024-12-24T00:35:38.778348Z,271,355,834,310
2024-12-24T00:35:39.786325Z,271,354,835,309
2024-12-24T00:35:40.798158Z,271,355,835,309
2024-12-24T00:35:41.809230Z,271,355,834,309
2024-12-24T00:35:42.817196Z,271,354,834,309
2024-12-24T00:35:43.828977Z,271,354,835,309
2024-12-24T00:35:44.840154Z,271,354,836,309
2024-12-24T00:35:45.848116Z,272,354,835,309
2024-12-24T00:35:46.860077Z,271,354,834,309
2024-12-24T00:35:47.871067Z,271,355,835,309
2024-12-24T00:35:48.879018Z,271,355,835,309
2024-12-24T00:35:49.890955Z,272,355,835,309
2024-12-24T00:35:50.901945Z,271,355,835,309
2024-12-24T00:35:51.909902Z,271,355,837,309
2024-12-24T00:35:52.921669Z,271,355,837,309
2024-12-24T00:35:53.932636Z,272,356,837,309
2024-12-24T00:35:54.940801Z,271,355,837,309
2024-12-24T00:35:55.952565Z,271,355,837,309
2024-12-24T00:35:56.963743Z,271,355,837,309
2024-12-24T00:35:57.971699Z,271,355,836,309
2024-12-24T00:35:58.982669Z,271,355,836,309
2024-12-24T00:35:59.990637Z,271,355,836,309
2024-12-24T00:36:00.998586Z,271,355,836,309
2024-12-24T00:36:02.009562Z,271,355,836,309
2024-12-24T00:36:03.017535Z,270,355,836,309
2024-12-24T00:36:04.029304Z,271,355,837,309
2024-12-24T00:36:05.040405Z,271,355,834,309
2024-12-24T00:36:06.048439Z,271,355,834,309
2024-12-24T00:36:07.060366Z,271,355,834,310
2024-12-24T00:36:08.071367Z,271,355,833,310
2024-12-24T00:36:09.079321Z,271,355,834,309
2024-12-24T00:36:10.091284Z,271,355,834,309
2024-12-24T00:36:11.102262Z,270,355,834,310
2024-12-24T00:36:12.110230Z,270,355,835,310
2024-12-24T00:36:13.122130Z,270,354,836,309
2024-12-24T00:36:14.133145Z,271,354,835,309
2024-12-24T00:36:15.141150Z,270,354,834,309
2024-12-24T00:36:16.152914Z,270,354,834,309
2024-12-24T00:36:17.164069Z,270,354,833,309
2024-12-24T00:36:18.172032Z,270,354,833,309
2024-12-24T00:36:19.184015Z,270,354,834,309
2024-12-24T00:36:20.194947Z,270,354,834,309
2024-12-24T00:36:21.202958Z,270,354,833,309
2024-12-24T00:36:22.214891Z,270,354,833,308
2024-12-24T00:36:23.225885Z,270,354,832,309
2024-12-24T00:36:24.233844Z,271,354,833,308
2024-12-24T00:36:25.245636Z,271,355,833,308
2024-12-24T00:36:26.256575Z,271,355,833,308
2024-12-24T00:36:27.264759Z,271,355,833,308
2024-12-24T00:36:28.276492Z,271,355,833,308
2024-12-24T00:36:29.287700Z,270,354,833,308
2024-12-24T00:36:30.295647Z,270,354,833,308
2024-12-24T00:36:31.307611Z,270,354,833,308
2024-12-24T00:36:32.318583Z,270,354,833,308
2024-12-24T00:36:33.326537Z,270,354,833,308
2024-12-24T00:36:34.338512Z,270,354,833,308
2024-12-24T00:36:35.349466Z,270,354,832,308
2024-12-24T00:36:36.357461Z,269,354,832,308
2024-12-24T00:36:37.369221Z,270,354,834,307
2024-12-24T00:36:38.380369Z,270,354,834,308
2024-12-24T00:36:39.388372Z,270,354,832,308
2024-12-24T00:36:40.400351Z,270,354,833,308
2024-12-24T00:36:41.411267Z,270,354,834,308
2024-12-24T00:36:42.419225Z,270,354,834,308
2024-12-24T00:36:43.431186Z,269,354,832,308
2024-12-24T00:36:44.442172Z,269,354,833,308
2024-12-24T00:36:45.450133Z,270,354,834,308
2024-12-24T00:36:46.461093Z,270,354,834,308
2024-12-24T00:36:47.469065Z,269,354,833,308
2024-12-24T00:36:48.477042Z,270,354,833,308
2024-12-24T00:36:49.488002Z,270,353,833,308
2024-12-24T00:36:50.495976Z,270,353,834,308
2024-12-24T00:36:51.507921Z,270,354,833,308
2024-12-24T00:36:52.518928Z,270,354,833,308
2024-12-24T00:36:53.526877Z,270,354,833,307
2024-12-24T00:36:54.538832Z,270,354,834,307
2024-12-24T00:36:55.549809Z,270,354,833,307
2024-12-24T00:36:56.557795Z,270,354,834,308
2024-12-24T00:36:57.569542Z,270,354,833,307
2024-12-24T00:36:58.580529Z,269,354,833,308
2024-12-24T00:36:59.588677Z,269,354,832,307
2024-12-24T00:37:00.600512Z,269,354,832,307
2024-12-24T00:37:01.611602Z,269,354,834,308
2024-12-24T00:37:02.619597Z,269,354,833,307
2024-12-24T00:37:03.631546Z,270,354,833,307
2024-12-24T00:37:04.642502Z,270,354,832,307
2024-12-24T00:37:05.650479Z,270,354,833,307
2024-12-24T00:37:06.662306Z,270,354,834,307
2024-12-24T00:37:07.673420Z,269,354,832,307
2024-12-24T00:37:08.681382Z,269,354,833,307
2024-12-24T00:37:09.693155Z,269,353,833,307
2024-12-24T00:37:10.704333Z,269,353,833,307
2024-12-24T00:37:11.712292Z,269,354,832,307
2024-12-24T00:37:12.724294Z,269,354,833,307
2024-12-24T00:37:13.735219Z,269,353,833,307
2024-12-24T00:37:14.743183Z,269,353,833,307
2024-12-24T00:37:15.755130Z,269,353,831,307
2024-12-24T00:37:16.766111Z,269,353,832,307
2024-12-24T00:37:17.774101Z,269,353,832,306
2024-12-24T00:37:18.786048Z,269,353,832,306
2024-12-24T00:37:19.796818Z,269,353,831,306
2024-12-24T00:37:20.804970Z,269,353,831,306
2024-12-24T00:37:21.816761Z,269,353,831,306
2024-12-24T00:37:22.827901Z,269,352,832,307
2024-12-24T00:37:23.835870Z,269,353,833,306
2024-12-24T00:37:24.847854Z,269,352,834,307
2024-12-24T00:37:25.858824Z,269,352,834,307
2024-12-24T00:37:26.866770Z,269,352,834,306
2024-12-24T00:37:27.878755Z,269,352,834,306
2024-12-24T00:37:28.889724Z,269,352,832,307
2024-12-24T00:37:29.897676Z,268,352,832,306
2024-12-24T00:37:30.909441Z,268,352,833,306
2024-12-24T00:37:31.920459Z,268,352,833,306
2024-12-24T00:37:32.928573Z,269,352,832,306
2024-12-24T00:37:33.939541Z,268,352,832,307
2024-12-24T00:37:34.947527Z,268,351,832,306
2024-12-24T00:37:35.955492Z,268,351,833,307
2024-12-24T00:37:36.966443Z,268,352,832,307
2024-12-24T00:37:37.974329Z,268,351,832,307
2024-12-24T00:37:38.986382Z,268,352,832,307
2024-12-24T00:37:39.997345Z,268,352,832,306
2024-12-24T00:37:41.005314Z,268,351,832,306
2024-12-24T00:37:42.017090Z,268,351,832,306
2024-12-24T00:37:43.028296Z,268,352,832,306
2024-12-24T00:37:44.036224Z,268,351,832,306
2024-12-24T00:37:45.048244Z,268,351,832,306
2024-12-24T00:37:46.059189Z,269,352,833,307
2024-12-24T00:37:47.067130Z,268,351,832,307
2024-12-24T00:37:48.079073Z,268,351,832,307
2024-12-24T00:37:49.090059Z,268,352,832,307
2024-12-24T00:37:50.098033Z,268,351,831,307
2024-12-24T00:37:51.109788Z,268,351,833,307
2024-12-24T00:37:52.120765Z,268,352,833,307
2024-12-24T00:37:53.128918Z,268,352,832,307
2024-12-24T00:37:54.140695Z,268,351,832,307
2024-12-24T00:37:55.151852Z,268,351,834,306
2024-12-24T00:37:56.159813Z,268,351,835,307
2024-12-24T00:37:57.171788Z,268,351,834,306
2024-12-24T00:37:58.182750Z,268,351,834,306
2024-12-24T00:37:59.190722Z,268,351,833,306
2024-12-24T00:38:00.202695Z,268,351,832,306
2024-12-24T00:38:01.213668Z,268,351,832,306
2024-12-24T00:38:02.221632Z,268,351,832,306
2024-12-24T00:38:03.233397Z,268,351,833,306
2024-12-24T00:38:04.244431Z,268,351,832,306
2024-12-24T00:38:05.252536Z,268,351,833,306
2024-12-24T00:38:06.264412Z,268,351,833,306
2024-12-24T00:38:07.275469Z,268,351,832,306
2024-12-24T00:38:08.283429Z,268,351,832,306
2024-12-24T00:38:09.295393Z,268,351,832,306
2024-12-24T00:38:10.306338Z,268,351,833,306
2024-12-24T00:38:11.314322Z,268,351,832,306
2024-12-24T00:38:12.326294Z,267,351,832,306
2024-12-24T00:38:13.337271Z,267,351,831,306
2024-12-24T00:38:14.345234Z,267,351,831,306
2024-12-24T00:38:15.357188Z,267,351,831,306
2024-12-24T00:38:16.368751Z,267,351,831,306
2024-12-24T00:38:17.380180Z,267,351,831,306
2024-12-24T00:38:18.392114Z,267,352,831,306
2024-12-24T00:38:19.403048Z,267,352,832,305
2024-12-24T00:38:20.411040Z,267,351,832,306
2024-12-24T00:38:21.422989Z,267,351,830,306
2024-12-24T00:38:22.433951Z,267,351,831,306
2024-12-24T00:38:23.441926Z,267,351,831,306
2024-12-24T00:38:24.453697Z,267,351,831,305
2024-12-24T00:38:25.464780Z,267,351,831,305
2024-12-24T00:38:26.472811Z,267,351,831,305
2024-12-24T00:38:27.484604Z,267,351,831,305
2024-12-24T00:38:28.495759Z,267,351,831,305
2024-12-24T00:38:29.503719Z,267,351,831,305
2024-12-24T00:38:30.515707Z,267,351,831,305
2024-12-24T00:38:31.526661Z,267,351,831,305
2024-12-24T00:38:32.534620Z,267,351,832,305
2024-12-24T00:38:33.546600Z,267,351,832,305
2024-12-24T00:38:34.557553Z,267,351,832,305
2024-12-24T00:38:35.565516Z,267,351,831,305
2024-12-24T00:38:36.577308Z,267,350,831,305
2024-12-24T00:38:37.588420Z,267,351,832,305
2024-12-24T00:38:38.596456Z,267,351,831,305
2024-12-24T00:38:39.608386Z,267,351,831,305
2024-12-24T00:38:40.619351Z,267,351,831,305
2024-12-24T00:38:41.627327Z,267,351,830,305
2024-12-24T00:38:42.639303Z,267,351,830,305
2024-12-24T00:38:43.650256Z,267,351,831,305
2024-12-24T00:38:44.658231Z,267,351,830,305
2024-12-24T00:38:45.669197Z,267,351,831,305
2024-12-24T00:38:46.677171Z,267,351,830,305
2024-12-24T00:38:47.685145Z,267,351,830,305
2024-12-24T00:38:48.696102Z,267,351,830,305
2024-12-24T00:38:49.704063Z,267,351,830,305
2024-12-24T00:38:50.716029Z,267,351,831,305
2024-12-24T00:38:51.727003Z,267,351,831,305
2024-12-24T00:38:52.734968Z,267,351,832,305
2024-12-24T00:38:53.746936Z,266,351,831,305
2024-12-24T00:38:54.757883Z,266,351,832,305
2024-12-24T00:38:55.765862Z,267,351,831,305
2024-12-24T00:38:56.777637Z,266,351,831,305
2024-12-24T00:38:57.788613Z,266,351,831,305
2024-12-24T00:38:58.796770Z,266,351,831,305
2024-12-24T00:38:59.808540Z,266,351,830,305
2024-12-24T00:39:00.819697Z,266,351,831,305
2024-12-24T00:39:01.827669Z,266,350,831,305
2024-12-24T00:39:02.839633Z,266,350,830,305
2024-12-24T00:39:03.850589Z,266,351,831,305
2024-12-24T00:39:04.858576Z,266,350,831,305
2024-12-24T00:39:05.870520Z,266,350,831,305
2024-12-24T00:39:06.881504Z,266,350,831,305
2024-12-24T00:39:07.889456Z,266,350,830,305
2024-12-24T00:39:08.901244Z,266,350,830,305
2024-12-24T00:39:09.912381Z,266,350,830,305
2024-12-24T00:39:10.920374Z,266,350,831,305
2024-12-24T00:39:11.932338Z,266,350,832,305
2024-12-24T00:39:12.943302Z,265,350,831,306
2024-12-24T00:39:13.951270Z,266,350,832,305
2024-12-24T00:39:14.963243Z,266,350,832,305
2024-12-24T00:39:15.974204Z,265,350,831,305
2024-12-24T00:39:16.982154Z,266,350,829,305
2024-12-24T00:39:17.994141Z,265,350,830,305
2024-12-24T00:39:19.005122Z,265,350,830,305
2024-12-24T00:39:20.013073Z,265,350,830,305
2024-12-24T00:39:21.024835Z,265,350,831,305
2024-12-24T00:39:22.035997Z,265,350,830,305
2024-12-24T00:39:23.043966Z,265,350,830,305
2024-12-24T00:39:24.055923Z,265,350,831,305
2024-12-24T00:39:25.066887Z,265,350,830,305
2024-12-24T00:39:26.074865Z,265,350,830,305
2024-12-24T00:39:27.086811Z,265,350,827,305
2024-12-24T00:39:28.097805Z,265,350,830,306
2024-12-24T00:39:29.105785Z,265,350,830,306
2024-12-24T00:39:30.116549Z,265,350,830,306
2024-12-24T00:39:31.124693Z,265,349,829,306
2024-12-24T00:39:32.132658Z,265,349,829,306
2024-12-24T00:39:33.143610Z,265,349,829,305
2024-12-24T00:39:34.151615Z,265,349,828,305
2024-12-24T00:39:35.163578Z,265,349,826,305
2024-12-24T00:39:36.174526Z,265,349,826,306
2024-12-24T00:39:37.182507Z,265,349,829,305
2024-12-24T00:39:38.194474Z,265,349,829,305
2024-12-24T00:39:39.205446Z,265,349,829,305
2024-12-24T00:39:40.213415Z,265,349,829,305
2024-12-24T00:39:41.225175Z,265,349,828,305
2024-12-24T00:39:42.236353Z,265,349,828,305
2024-12-24T00:39:43.244328Z,265,349,828,305
2024-12-24T00:39:44.256301Z,265,349,826,305
2024-12-24T00:39:45.267262Z,265,350,826,306
2024-12-24T00:39:46.275212Z,265,349,828,306
2024-12-24T00:39:47.287180Z,265,350,828,305
2024-12-24T00:39:48.298145Z,265,350,828,306
2024-12-24T00:39:49.306108Z,265,349,829,306
2024-12-24T00:39:50.318066Z,265,349,829,305
2024-12-24T00:39:51.328845Z,265,349,828,306
2024-12-24T00:39:52.336924Z,265,349,828,306
2024-12-24T00:39:53.348781Z,265,349,829,305
2024-12-24T00:39:54.359932Z,265,349,828,306
2024-12-24T00:39:55.367901Z,265,349,829,305
2024-12-24T00:39:56.379884Z,265,349,829,305
2024-12-24T00:39:57.390855Z,265,349,829,306
2024-12-24T00:39:58.398815Z,265,349,828,305
2024-12-24T00:39:59.410768Z,265,349,828,306
2024-12-24T00:40:00.421728Z,265,349,829,305
2024-12-24T00:40:01.429730Z,265,349,827,306
2024-12-24T00:40:02.441480Z,265,349,829,305
2024-12-24T00:40:03.452487Z,265,349,830,306
2024-12-24T00:40:04.460619Z,265,349,828,305
2024-12-24T00:40:05.472447Z,265,349,828,305
2024-12-24T00:40:06.483532Z,265,349,829,306
2024-12-24T00:40:07.491503Z,265,349,829,306
2024-12-24T00:40:08.503493Z,265,349,830,306
2024-12-24T00:40:09.514445Z,265,349,829,306
2024-12-24T00:40:10.522405Z,265,349,828,306
2024-12-24T00:40:11.534359Z,265,349,828,306
2024-12-24T00:40:12.545349Z,265,349,828,306
2024-12-24T00:40:13.553302Z,265,349,830,306
2024-12-24T00:40:14.564308Z,265,349,826,306
2024-12-24T00:40:15.572254Z,265,349,829,306
2024-12-24T00:40:16.580229Z,265,349,828,306
2024-12-24T00:40:17.591044Z,265,349,828,306
2024-12-24T00:40:18.599157Z,265,349,828,306
2024-12-24T00:40:19.611025Z,265,349,828,306
2024-12-24T00:40:20.622078Z,265,349,828,306
2024-12-24T00:40:21.630053Z,265,349,828,306
2024-12-24T00:40:22.641820Z,265,349,828,306
2024-12-24T00:40:23.652788Z,265,349,828,306
2024-12-24T00:40:24.660949Z,265,349,828,306
2024-12-24T00:40:25.672724Z,265,349,827,306
2024-12-24T00:40:26.683875Z,265,349,828,306
2024-12-24T00:40:27.691863Z,265,349,828,306
2024-12-24T00:40:28.703818Z,265,349,829,306
2024-12-24T00:40:29.714770Z,265,349,828,306
2024-12-24T00:40:30.722756Z,265,349,828,306
2024-12-24T00:40:31.734698Z,265,349,829,306
2024-12-24T00:40:32.745686Z,265,349,829,306
2024-12-24T00:40:33.753662Z,265,349,827,306
2024-12-24T00:40:34.765421Z,265,349,828,306
2024-12-24T00:40:35.776444Z,265,349,829,306
2024-12-24T00:40:36.784536Z,265,349,829,306
2024-12-24T00:40:37.796435Z,265,349,829,306
2024-12-24T00:40:38.807477Z,265,349,828,306
2024-12-24T00:40:39.815448Z,265,349,829,306
2024-12-24T00:40:40.827403Z,265,349,828,306
2024-12-24T00:40:41.838371Z,265,349,828,306
2024-12-24T00:40:42.846345Z,265,349,827,306
2024-12-24T00:40:43.858313Z,264,349,828,306
2024-12-24T00:40:44.869283Z,265,349,828,306
2024-12-24T00:40:45.877253Z,264,349,829,306
2024-12-24T00:40:46.889020Z,264,349,829,306
2024-12-24T00:40:47.900196Z,264,349,828,305
2024-12-24T00:40:48.908182Z,264,349,829,305
2024-12-24T00:40:49.920148Z,264,349,828,306
2024-12-24T00:40:50.931057Z,264,349,828,306
2024-12-24T00:40:51.939032Z,264,349,829,306
2024-12-24T00:40:52.950988Z,264,349,828,306
2024-12-24T00:40:53.961973Z,264,349,828,306
2024-12-24T00:40:54.969926Z,264,348,829,306
2024-12-24T00:40:55.981711Z,264,349,828,306
2024-12-24T00:40:56.992683Z,264,349,829,306
2024-12-24T00:40:58.000833Z,264,349,829,306
2024-12-24T00:40:59.012614Z,264,349,828,306
2024-12-24T00:41:00.023776Z,264,349,829,306
2024-12-24T00:41:01.031741Z,264,348,828,306
2024-12-24T00:41:02.043689Z,264,349,829,305
2024-12-24T00:41:03.054655Z,264,349,830,306
2024-12-24T00:41:04.062637Z,264,349,828,305
2024-12-24T00:41:05.073614Z,264,348,829,305
2024-12-24T00:41:06.081603Z,263,348,828,305
2024-12-24T00:41:07.089556Z,264,349,828,305
2024-12-24T00:41:08.100422Z,263,349,829,306
2024-12-24T00:41:09.108512Z,263,349,829,306
2024-12-24T00:41:10.120425Z,263,348,829,306
2024-12-24T00:41:11.131431Z,264,348,829,306
2024-12-24T00:41:12.139402Z,263,348,830,306
2024-12-24T00:41:13.151334Z,264,349,829,306
2024-12-24T00:41:14.162309Z,263,348,826,306
2024-12-24T00:41:15.170293Z,263,348,828,306
2024-12-24T00:41:16.182242Z,263,349,829,306
2024-12-24T00:41:17.193221Z,263,349,829,306
2024-12-24T00:41:18.201180Z,263,349,828,306
2024-12-24T00:41:19.212962Z,263,349,829,306
2024-12-24T00:41:20.224152Z,263,349,829,306
2024-12-24T00:41:21.232117Z,263,349,830,306
2024-12-24T00:41:22.244081Z,263,348,829,305
2024-12-24T00:41:23.255067Z,263,348,827,306
2024-12-24T00:41:24.263933Z,263,348,829,306
2024-12-24T00:41:25.274965Z,263,348,830,306
2024-12-24T00:41:26.285939Z,263,348,829,306
2024-12-24T00:41:27.293888Z,263,348,829,306
2024-12-24T00:41:28.305682Z,263,348,829,306
2024-12-24T00:41:29.316723Z,263,348,828,306
2024-12-24T00:41:30.324793Z,263,348,827,306
2024-12-24T00:41:31.336571Z,263,348,827,306
2024-12-24T00:41:32.347728Z,263,349,827,306
2024-12-24T00:41:33.355696Z,263,348,827,306
2024-12-24T00:41:34.367643Z,263,349,828,306
2024-12-24T00:41:35.378621Z,263,349,828,306
2024-12-24T00:41:36.386585Z,263,349,827,306
2024-12-24T00:41:37.398560Z,263,348,829,306
2024-12-24T00:41:38.409520Z,263,349,829,306
2024-12-24T00:41:39.417483Z,263,349,828,306
2024-12-24T00:41:40.429320Z,263,349,828,306
2024-12-24T00:41:41.440399Z,263,349,829,306
2024-12-24T00:41:42.448382Z,263,349,829,306
2024-12-24T00:41:43.460367Z,263,348,828,306
2024-12-24T00:41:44.471328Z,263,349,829,306
2024-12-24T00:41:45.479322Z,263,349,829,306
2024-12-24T00:41:46.491272Z,263,348,829,306
2024-12-24T00:41:47.502232Z,263,348,829,306
2024-12-24T00:41:48.510194Z,262,349,830,305
2024-12-24T00:41:49.522163Z,263,349,829,306
2024-12-24T00:41:50.533118Z,263,349,830,306
2024-12-24T00:41:51.541090Z,263,349,828,306
2024-12-24T00:41:52.552053Z,262,349,829,305
2024-12-24T00:41:53.560035Z,263,349,829,306
2024-12-24T00:41:54.571970Z,263,349,830,305
2024-12-24T00:41:55.582948Z,262,349,830,306
2024-12-24T00:41:56.590933Z,262,349,830,306
2024-12-24T00:41:57.602887Z,262,349,829,306
2024-12-24T00:41:58.613719Z,262,349,829,306
2024-12-24T00:41:59.621846Z,262,348,829,306
2024-12-24T00:42:00.633595Z,262,348,829,306
2024-12-24T00:42:01.644567Z,262,349,829,306
2024-12-24T00:42:02.652712Z,262,349,829,306
2024-12-24T00:42:03.664504Z,262,348,829,306
2024-12-24T00:42:04.675662Z,262,348,829,306
2024-12-24T00:42:05.683641Z,262,348,828,306
2024-12-24T00:42:06.695601Z,262,349,829,306
2024-12-24T00:42:07.706547Z,262,348,830,306
2024-12-24T00:42:08.714542Z,262,348,829,306
2024-12-24T00:42:09.726490Z,262,348,829,306
2024-12-24T00:42:10.737453Z,262,348,829,306
2024-12-24T00:42:11.745446Z,262,348,831,306
2024-12-24T00:42:12.757196Z,262,348,830,306
2024-12-24T00:42:13.768355Z,262,348,830,306
2024-12-24T00:42:14.776360Z,262,348,830,306
2024-12-24T00:42:15.788327Z,262,348,830,306
2024-12-24T00:42:16.799241Z,262,348,830,306
2024-12-24T00:42:17.807219Z,262,348,831,306
2024-12-24T00:42:18.819199Z,262,348,831,306
2024-12-24T00:42:19.830138Z,262,348,831,306
2024-12-24T00:42:20.838116Z,262,348,831,306
2024-12-24T00:42:21.850074Z,262,348,831,306
2024-12-24T00:42:22.860854Z,261,348,830,306
2024-12-24T00:42:23.868505Z,261,348,830,306
2024-12-24T00:42:24.880812Z,261,348,830,306
2024-12-24T00:42:25.891960Z,261,348,829,306
2024-12-24T00:42:26.899914Z,261,348,830,306
2024-12-24T00:42:27.911898Z,261,348,830,306
2024-12-24T00:42:28.922864Z,262,348,830,306
2024-12-24T00:42:29.930808Z,261,348,830,306
2024-12-24T00:42:30.942785Z,261,348,828,306
2024-12-24T00:42:31.953744Z,262,348,830,306
2024-12-24T00:42:32.961722Z,261,348,830,306
2024-12-24T00:42:33.973505Z,261,348,829,306
2024-12-24T00:42:34.984486Z,261,348,829,306
2024-12-24T00:42:35.992634Z,261,348,829,306
2024-12-24T00:42:37.004444Z,261,348,829,306
2024-12-24T00:42:38.015572Z,261,348,830,306
2024-12-24T00:42:39.023520Z,261,348,830,306
2024-12-24T00:42:40.035475Z,261,348,831,306
2024-12-24T00:42:41.046456Z,261,348,831,306
2024-12-24T00:42:42.054428Z,261,348,830,306
2024-12-24T00:42:43.066379Z,262,347,830,306
2024-12-24T00:42:44.077340Z,261,348,830,306
2024-12-24T00:42:45.085343Z,261,348,830,306
2024-12-24T00:42:46.097104Z,261,348,830,306
2024-12-24T00:42:47.108269Z,261,348,831,306
2024-12-24T00:42:48.116222Z,261,348,831,306
2024-12-24T00:42:49.128237Z,261,348,830,306
2024-12-24T00:42:50.139145Z,261,348,831,306
2024-12-24T00:42:51.147147Z,261,348,830,306
2024-12-24T00:42:52.159065Z,261,348,831,306
2024-12-24T00:42:53.170058Z,261,348,831,306
2024-12-24T00:42:54.178027Z,261,348,829,306
2024-12-24T00:42:55.188791Z,261,348,832,306
2024-12-24T00:42:56.196970Z,261,348,831,306
2024-12-24T00:42:57.204908Z,261,348,831,306
2024-12-24T00:42:58.215897Z,261,348,831,306
2024-12-24T00:42:59.223863Z,261,348,831,306
2024-12-24T00:43:00.235823Z,261,348,831,306
2024-12-24T00:43:01.246764Z,261,348,830,306
2024-12-24T00:43:02.254752Z,261,348,830,306
2024-12-24T00:43:03.266696Z,261,348,831,306
2024-12-24T00:43:04.277727Z,261,348,830,306
2024-12-24T00:43:05.285682Z,261,348,831,306
2024-12-24T00:43:06.297415Z,261,348,830,306
2024-12-24T00:43:07.308460Z,261,348,831,306
2024-12-24T00:43:08.316568Z,261,348,831,306
2024-12-24T00:43:09.328419Z,261,348,832,306
2024-12-24T00:43:10.339493Z,261,348,830,306
2024-12-24T00:43:11.347462Z,261,348,831,306
2024-12-24T00:43:12.359436Z,261,347,831,306
2024-12-24T00:43:13.370411Z,261,348,831,306
2024-12-24T00:43:14.378363Z,261,348,832,305
2024-12-24T00:43:15.390332Z,261,348,831,306
2024-12-24T00:43:16.401299Z,261,348,831,306
2024-12-24T00:43:17.409288Z,261,348,832,305
2024-12-24T00:43:18.421037Z,261,348,832,305
2024-12-24T00:43:19.432232Z,261,348,831,305
2024-12-24T00:43:20.440186Z,261,348,832,305
2024-12-24T00:43:21.452163Z,261,348,833,305
2024-12-24T00:43:22.463096Z,260,348,831,305
2024-12-24T00:43:23.471058Z,261,348,831,305
2024-12-24T00:43:24.482955Z,261,348,832,306
2024-12-24T00:43:25.494016Z,261,348,832,305
2024-12-24T00:43:26.501968Z,261,347,832,306
2024-12-24T00:43:27.513752Z,261,347,832,305
2024-12-24T00:43:28.524717Z,260,348,831,306
2024-12-24T00:43:29.532865Z,261,348,831,306
2024-12-24T00:43:30.544628Z,261,347,830,305
2024-12-24T00:43:31.555815Z,260,348,831,306
2024-12-24T00:43:32.563765Z,260,347,831,305
2024-12-24T00:43:33.575750Z,260,347,830,306
2024-12-24T00:43:34.586678Z,260,348,831,306
2024-12-24T00:43:35.594705Z,260,348,830,305
2024-12-24T00:43:36.606630Z,260,348,831,305
2024-12-24T00:43:37.617620Z,260,347,830,305
2024-12-24T00:43:38.625586Z,260,347,829,305
2024-12-24T00:43:39.637347Z,260,347,831,305
2024-12-24T00:43:40.648427Z,260,347,831,305
2024-12-24T00:43:41.656496Z,260,348,832,305
2024-12-24T00:43:42.668394Z,260,348,831,306
2024-12-24T00:43:43.679416Z,260,348,832,306
2024-12-24T00:43:44.687383Z,260,348,832,305
2024-12-24T00:43:45.698357Z,260,347,831,305
2024-12-24T00:43:46.706309Z,260,348,832,306
2024-12-24T00:43:47.714290Z,260,348,831,306
2024-12-24T00:43:48.725253Z,260,348,831,305
2024-12-24T00:43:49.733197Z,260,347,831,305
2024-12-24T00:43:50.744978Z,260,348,831,305
2024-12-24T00:43:51.756157Z,260,348,831,306
2024-12-24T00:43:52.764126Z,260,348,831,305
2024-12-24T00:43:53.776075Z,260,348,831,305
2024-12-24T00:43:54.787031Z,260,348,831,305
2024-12-24T00:43:55.794995Z,260,348,831,305
2024-12-24T00:43:56.806974Z,260,348,831,305
2024-12-24T00:43:57.817943Z,260,348,831,305
2024-12-24T00:43:58.825900Z,260,347,832,305
2024-12-24T00:43:59.837682Z,260,348,831,305
2024-12-24T00:44:00.848640Z,260,348,831,305
2024-12-24T00:44:01.856799Z,260,347,831,305
2024-12-24T00:44:02.868573Z,260,348,832,305
2024-12-24T00:44:03.879719Z,260,348,831,305
2024-12-24T00:44:04.887729Z,260,347,831,305
2024-12-24T00:44:05.899669Z,260,347,830,305
2024-12-24T00:44:06.910642Z,260,347,831,305
2024-12-24T00:44:07.918620Z,260,347,830,305
2024-12-24T00:44:08.930576Z,260,348,831,304
2024-12-24T00:44:09.941542Z,260,348,831,305
2024-12-24T00:44:10.949503Z,260,348,830,305
2024-12-24T00:44:11.961271Z,260,348,830,305
2024-12-24T00:44:12.972390Z,260,348,832,305
2024-12-24T00:44:13.980428Z,260,348,831,305
2024-12-24T00:44:14.992372Z,260,348,832,305
2024-12-24T00:44:16.003320Z,260,348,831,305
2024-12-24T00:44:17.011286Z,260,348,832,305
2024-12-24T00:44:18.023268Z,260,348,831,305
2024-12-24T00:44:19.034258Z,260,348,831,305
2024-12-24T00:44:20.042200Z,260,348,831,305
2024-12-24T00:44:21.054156Z,260,348,830,305
2024-12-24T00:44:22.065114Z,260,348,830,305
2024-12-24T00:44:23.073087Z,260,348,831,305
2024-12-24T00:44:24.084885Z,260,348,833,305
2024-12-24T00:44:25.096033Z,260,348,832,305
2024-12-24T00:44:26.103993Z,260,348,831,305
2024-12-24T00:44:27.115988Z,260,348,832,305
2024-12-24T00:44:28.126946Z,260,348,832,305
2024-12-24T00:44:29.134913Z,260,348,833,305
2024-12-24T00:44:30.146859Z,260,348,833,305
2024-12-24T00:44:31.157822Z,260,348,832,305
2024-12-24T00:44:32.165803Z,260,348,833,305
2024-12-24T00:44:33.177088Z,260,348,832,305
2024-12-24T00:44:34.188554Z,259,348,832,305
2024-12-24T00:44:35.196706Z,260,348,832,305
2024-12-24T00:44:36.207665Z,259,348,832,305
2024-12-24T00:44:37.215643Z,260,348,832,305
2024-12-24T00:44:38.223614Z,260,348,832,305
2024-12-24T00:44:39.234587Z,259,348,832,305
2024-12-24T00:44:40.242534Z,259,348,832,305
2024-12-24T00:44:41.254526Z,259,348,832,305
2024-12-24T00:44:42.265465Z,259,348,832,305
2024-12-24T00:44:43.273431Z,259,348,831,305
2024-12-24T00:44:44.285212Z,260,348,832,305
2024-12-24T00:44:45.296395Z,259,348,831,305
2024-12-24T00:44:46.304361Z,259,348,832,305
2024-12-24T00:44:47.316344Z,259,348,832,305
2024-12-24T00:44:48.327257Z,259,348,831,305
2024-12-24T00:44:49.335258Z,259,348,832,305
2024-12-24T00:44:50.347209Z,259,348,831,305
2024-12-24T00:44:51.358186Z,259,348,832,305
2024-12-24T00:44:52.366122Z,259,348,831,305
2024-12-24T00:44:53.378089Z,259,348,831,305
2024-12-24T00:44:54.389060Z,259,348,833,305
2024-12-24T00:44:55.396497Z,259,347,832,305
2024-12-24T00:44:56.408789Z,259,348,832,305
2024-12-24T00:44:57.419970Z,259,348,832,305
2024-12-24T00:44:58.427946Z,259,348,832,305
2024-12-24T00:44:59.439907Z,259,347,832,305
2024-12-24T00:45:00.450868Z,259,348,832,305
2024-12-24T00:45:01.458742Z,259,348,833,305
2024-12-24T00:45:02.470783Z,259,347,832,305
2024-12-24T00:45:03.481757Z,259,347,832,305
2024-12-24T00:45:04.489762Z,259,347,832,305
2024-12-24T00:45:05.501523Z,259,347,833,305
2024-12-24T00:45:06.512574Z,260,347,833,305
2024-12-24T00:45:07.520679Z,259,347,832,305
2024-12-24T00:45:08.532477Z,259,347,832,305
2024-12-24T00:45:09.543598Z,259,347,833,306
2024-12-24T00:45:10.551508Z,259,347,832,306
2024-12-24T00:45:11.563517Z,259,347,832,305
2024-12-24T00:45:12.574486Z,259,347,832,305
2024-12-24T00:45:13.582467Z,259,347,833,305
2024-12-24T00:45:14.594408Z,259,347,833,305
2024-12-24T00:45:15.605251Z,259,347,834,305
2024-12-24T00:45:16.613362Z,259,347,834,305
2024-12-24T00:45:17.625179Z,259,347,833,305
2024-12-24T00:45:18.636320Z,259,347,833,305
2024-12-24T00:45:19.644283Z,259,347,833,305
2024-12-24T00:45:20.655215Z,259,347,833,305
2024-12-24T00:45:21.663191Z,259,347,833,305
2024-12-24T00:45:22.671166Z,259,347,833,305
2024-12-24T00:45:23.682111Z,259,347,834,305
2024-12-24T00:45:24.690086Z,259,347,834,305
2024-12-24T00:45:25.702047Z,259,347,833,305
2024-12-24T00:45:26.712834Z,259,347,833,305
2024-12-24T00:45:27.720993Z,259,347,833,305
2024-12-24T00:45:28.732772Z,259,347,833,305
2024-12-24T00:45:29.743909Z,259,347,833,306
2024-12-24T00:45:30.751901Z,259,347,832,305
2024-12-24T00:45:31.763840Z,259,347,833,305
2024-12-24T00:45:32.774830Z,259,347,833,305
2024-12-24T00:45:33.782771Z,259,347,831,305
2024-12-24T00:45:34.794764Z,259,347,831,305
2024-12-24T00:45:35.805723Z,259,347,832,305
2024-12-24T00:45:36.813694Z,259,347,832,305
2024-12-24T00:45:37.825465Z,259,347,831,305
2024-12-24T00:45:38.836478Z,259,347,832,305
2024-12-24T00:45:39.844573Z,259,347,832,305
2024-12-24T00:45:40.856441Z,259,347,831,305
2024-12-24T00:45:41.867526Z,259,347,833,305
2024-12-24T00:45:42.875485Z,259,347,833,305
2024-12-24T00:45:43.887449Z,259,347,834,305
2024-12-24T00:45:44.898430Z,258,347,834,305
2024-12-24T00:45:45.906393Z,259,346,832,305
2024-12-24T00:45:46.918378Z,259,347,833,305
2024-12-24T00:45:47.929304Z,259,347,833,305
2024-12-24T00:45:48.937306Z,258,347,833,305
2024-12-24T00:45:49.949055Z,259,347,833,305
2024-12-24T00:45:50.960253Z,258,347,832,305
2024-12-24T00:45:51.968200Z,258,347,832,305
2024-12-24T00:45:52.980192Z,258,347,834,305
2024-12-24T00:45:53.991127Z,259,347,833,305
2024-12-24T00:45:54.999013Z,259,347,834,305
2024-12-24T00:45:56.011059Z,258,347,833,305
2024-12-24T00:45:57.022017Z,258,347,834,305
2024-12-24T00:45:58.029988Z,258,347,832,305
2024-12-24T00:45:59.041770Z,258,346,831,305
2024-12-24T00:46:00.052709Z,258,347,830,305
2024-12-24T00:46:01.060889Z,258,346,830,305
2024-12-24T00:46:02.072654Z,258,346,830,305
2024-12-24T00:46:03.083843Z,258,347,831,305
2024-12-24T00:46:04.091797Z,258,347,831,305
2024-12-24T00:46:05.102767Z,258,347,831,305
2024-12-24T00:46:06.110718Z,258,347,831,304
2024-12-24T00:46:07.118691Z,258,347,832,305
2024-12-24T00:46:08.129664Z,258,347,831,305
2024-12-24T00:46:09.137625Z,258,347,831,304
2024-12-24T00:46:10.149402Z,258,346,832,305
2024-12-24T00:46:11.160448Z,258,347,832,305
2024-12-24T00:46:12.168536Z,258,346,831,305
2024-12-24T00:46:13.180416Z,258,346,830,305
2024-12-24T00:46:14.191455Z,258,346,830,305
2024-12-24T00:46:15.199415Z,258,346,830,305
2024-12-24T00:46:16.211373Z,258,346,831,305
2024-12-24T00:46:17.222375Z,258,347,831,305
2024-12-24T00:46:18.230338Z,258,347,831,305
2024-12-24T00:46:19.242300Z,258,346,831,305
2024-12-24T00:46:20.253245Z,258,346,831,305
2024-12-24T00:46:21.261219Z,258,346,831,305
2024-12-24T00:46:22.272993Z,258,346,831,305
2024-12-24T00:46:23.284191Z,258,346,831,305
2024-12-24T00:46:24.292152Z,258,346,831,305
2024-12-24T00:46:25.304101Z,258,347,832,305
2024-12-24T00:46:26.315071Z,258,346,832,305
2024-12-24T00:46:27.323022Z,258,346,831,305
2024-12-24T00:46:28.334985Z,258,346,831,305
2024-12-24T00:46:29.345953Z,258,346,831,305
2024-12-24T00:46:30.353916Z,258,346,831,305
2024-12-24T00:46:31.365704Z,258,346,831,305
2024-12-24T00:46:32.376670Z,258,347,832,305
2024-12-24T00:46:33.384821Z,258,347,832,305
2024-12-24T00:46:34.396591Z,258,347,832,305
2024-12-24T00:46:35.407776Z,258,347,833,305
2024-12-24T00:46:36.415735Z,258,347,833,306
2024-12-24T00:46:37.427716Z,258,347,833,305
2024-12-24T00:46:38.438666Z,258,347,833,305
2024-12-24T00:46:39.446620Z,258,347,833,305
2024-12-24T00:46:40.458614Z,258,347,832,305
2024-12-24T00:46:41.469583Z,258,347,833,305
2024-12-24T00:46:42.477511Z,258,347,833,305
2024-12-24T00:46:43.489290Z,258,347,833,305
2024-12-24T00:46:44.500423Z,258,347,833,305
2024-12-24T00:46:45.508440Z,258,347,833,306
2024-12-24T00:46:46.520391Z,258,347,832,306
2024-12-24T00:46:47.531288Z,258,347,834,305
2024-12-24T00:46:48.539357Z,258,347,834,305
2024-12-24T00:46:49.551314Z,258,347,833,305
2024-12-24T00:46:50.562241Z,258,347,834,305
2024-12-24T00:46:51.570235Z,258,347,832,305
2024-12-24T00:46:52.581206Z,258,347,833,305
2024-12-24T00:46:53.589029Z,258,347,833,305
2024-12-24T00:46:54.597143Z,258,347,831,305
2024-12-24T00:46:55.607965Z,258,347,832,305
2024-12-24T00:46:56.616077Z,258,347,832,305
2024-12-24T00:46:57.628060Z,258,347,832,305
2024-12-24T00:46:58.639017Z,257,347,832,305
2024-12-24T00:46:59.646965Z,258,347,832,305
2024-12-24T00:47:00.658928Z,258,347,832,305
2024-12-24T00:47:01.669892Z,258,347,832,305
2024-12-24T00:47:02.677854Z,258,347,832,305
2024-12-24T00:47:03.689637Z,258,347,832,305
2024-12-24T00:47:04.700607Z,258,347,832,305
2024-12-24T00:47:05.708772Z,257,347,832,305
2024-12-24T00:47:06.720544Z,258,347,833,305
2024-12-24T00:47:07.731717Z,257,347,832,305
2024-12-24T00:47:08.739676Z,257,347,833,305
2024-12-24T00:47:09.751632Z,257,347,832,305
2024-12-24T00:47:10.762604Z,257,347,833,305
2024-12-24T00:47:11.770558Z,257,347,832,305
2024-12-24T00:47:12.782528Z,257,346,833,305
2024-12-24T00:47:13.793497Z,257,347,832,305
2024-12-24T00:47:14.801481Z,257,346,832,305
2024-12-24T00:47:15.813241Z,257,346,831,305
2024-12-24T00:47:16.824274Z,257,347,832,305
2024-12-24T00:47:17.832377Z,257,346,832,305
2024-12-24T00:47:18.844346Z,257,346,833,305
2024-12-24T00:47:19.855307Z,257,346,833,305
2024-12-24T00:47:20.863273Z,257,346,834,305
2024-12-24T00:47:21.875235Z,257,346,834,305
2024-12-24T00:47:22.886195Z,257,346,833,305
2024-12-24T00:47:23.894176Z,258,347,834,304
2024-12-24T00:47:24.906129Z,257,346,834,304
2024-12-24T00:47:25.917094Z,257,346,833,304
2024-12-24T00:47:26.924489Z,257,346,833,305
2024-12-24T00:47:27.936843Z,257,346,833,305
2024-12-24T00:47:28.948005Z,257,346,833,305
2024-12-24T00:47:29.955974Z,257,346,834,305
2024-12-24T00:47:30.967886Z,257,346,833,304
2024-12-24T00:47:31.978894Z,257,346,833,305
2024-12-24T00:47:32.986858Z,257,346,834,305
2024-12-24T00:47:33.998837Z,257,346,833,305
2024-12-24T00:47:35.009773Z,257,346,834,305
2024-12-24T00:47:36.017761Z,257,346,833,305
2024-12-24T00:47:37.029579Z,257,346,833,304
2024-12-24T00:47:38.040534Z,257,346,833,305
2024-12-24T00:47:39.048684Z,257,346,833,305
2024-12-24T00:47:40.060476Z,257,346,833,304
2024-12-24T00:47:41.072312Z,257,346,833,305
2024-12-24T00:47:42.083560Z,257,346,834,304
2024-12-24T00:47:43.095559Z,257,346,834,304
2024-12-24T00:47:44.106500Z,257,346,834,305
2024-12-24T00:47:45.114484Z,257,346,833,304
2024-12-24T00:47:46.126467Z,257,346,833,304
2024-12-24T00:47:47.137395Z,257,346,833,304
2024-12-24T00:47:48.145392Z,257,346,833,304
2024-12-24T00:47:49.157159Z,257,346,833,304
2024-12-24T00:47:50.168331Z,257,346,833,305
2024-12-24T00:47:51.176308Z,257,346,832,305
2024-12-24T00:47:52.188262Z,257,346,833,305
2024-12-24T00:47:53.199178Z,257,346,833,305
2024-12-24T00:47:54.207177Z,257,346,832,305
2024-12-24T00:47:55.219146Z,257,346,832,305
2024-12-24T00:47:56.230112Z,257,346,833,305
2024-12-24T00:47:57.238083Z,257,346,832,304
2024-12-24T00:47:58.250055Z,257,346,832,304
2024-12-24T00:47:59.260816Z,257,346,832,305
2024-12-24T00:48:00.268985Z,257,346,833,305
2024-12-24T00:48:01.279940Z,257,346,833,305
2024-12-24T00:48:02.287909Z,257,346,832,305
2024-12-24T00:48:03.295868Z,257,346,832,305
2024-12-24T00:48:04.306853Z,257,346,833,305
2024-12-24T00:48:05.314806Z,257,346,833,305
2024-12-24T00:48:06.326764Z,257,346,832,305
2024-12-24T00:48:07.337763Z,257,346,832,305
2024-12-24T00:48:08.345713Z,257,346,833,304
2024-12-24T00:48:09.357489Z,257,346,832,305
2024-12-24T00:48:10.368472Z,257,346,832,305
2024-12-24T00:48:11.376609Z,257,346,832,305
2024-12-24T00:48:12.388452Z,257,346,832,305
2024-12-24T00:48:13.399537Z,257,346,832,305
2024-12-24T00:48:14.407513Z,257,346,833,305
2024-12-24T00:48:15.419465Z,257,346,832,305
2024-12-24T00:48:16.430441Z,257,346,834,305
2024-12-24T00:48:17.438428Z,257,346,833,305
2024-12-24T00:48:18.450361Z,257,346,833,305
2024-12-24T00:48:19.461344Z,257,346,833,305
2024-12-24T00:48:20.469327Z,257,346,832,305
2024-12-24T00:48:21.481081Z,257,345,832,305
2024-12-24T00:48:22.492265Z,257,346,832,305
2024-12-24T00:48:23.500228Z,257,345,833,305
2024-12-24T00:48:24.512205Z,257,346,831,305
2024-12-24T00:48:25.523113Z,257,345,831,305
2024-12-24T00:48:26.531113Z,257,346,831,305
2024-12-24T00:48:27.543064Z,257,345,831,305
2024-12-24T00:48:28.554065Z,257,346,833,305
2024-12-24T00:48:29.562002Z,257,345,832,305
2024-12-24T00:48:30.573772Z,257,346,832,305
2024-12-24T00:48:31.584752Z,257,346,833,305
2024-12-24T00:48:32.592829Z,257,346,833,305
2024-12-24T00:48:33.604687Z,257,345,832,305
2024-12-24T00:48:34.615708Z,257,345,832,305
2024-12-24T00:48:35.623825Z,257,346,833,305
2024-12-24T00:48:36.635787Z,257,345,832,305
2024-12-24T00:48:37.646756Z,257,345,832,305
2024-12-24T00:48:38.654728Z,257,345,832,305
2024-12-24T00:48:39.666685Z,257,345,832,305
2024-12-24T00:48:40.677633Z,257,345,832,306
2024-12-24T00:48:41.685630Z,257,345,832,305
2024-12-24T00:48:42.697382Z,257,345,832,305
2024-12-24T00:48:43.708445Z,257,345,831,305
2024-12-24T00:48:44.716521Z,257,345,831,305
2024-12-24T00:48:45.728420Z,257,345,832,305
2024-12-24T00:48:46.739460Z,257,345,832,305
2024-12-24T00:48:47.747426Z,257,345,832,305
2024-12-24T00:48:48.759396Z,257,345,832,305
2024-12-24T00:48:49.770361Z,257,345,831,306
2024-12-24T00:48:50.778312Z,257,345,831,305
2024-12-24T00:48:51.789268Z,257,345,831,305
2024-12-24T00:48:52.797264Z,257,346,831,305
2024-12-24T00:48:53.805226Z,257,345,830,305
2024-12-24T00:48:54.816206Z,257,345,831,305
2024-12-24T00:48:55.824159Z,257,345,831,305
2024-12-24T00:48:56.836103Z,257,345,831,305
2024-12-24T00:48:57.847085Z,257,346,831,305
2024-12-24T00:48:58.855043Z,257,345,831,305
2024-12-24T00:48:59.867007Z,257,345,831,305
2024-12-24T00:49:00.877962Z,257,345,831,305
2024-12-24T00:49:01.885962Z,257,345,832,305
2024-12-24T00:49:02.897714Z,257,345,831,305
2024-12-24T00:49:03.908687Z,256,345,832,305
2024-12-24T00:49:04.916865Z,257,345,831,305
2024-12-24T00:49:05.928613Z,256,345,833,305
2024-12-24T00:49:06.939779Z,256,345,833,305
2024-12-24T00:49:07.947755Z,257,345,833,305
2024-12-24T00:49:08.959708Z,256,345,833,305
2024-12-24T00:49:09.970683Z,256,345,831,305
2024-12-24T00:49:10.978643Z,256,345,832,305
2024-12-24T00:49:11.990590Z,257,346,832,305
2024-12-24T00:49:13.001586Z,256,345,832,305
2024-12-24T00:49:14.009545Z,256,345,834,305
2024-12-24T00:49:15.021311Z,256,345,832,305
2024-12-24T00:49:16.032398Z,256,345,833,305
2024-12-24T00:49:17.040462Z,256,345,833,305
2024-12-24T00:49:18.052388Z,256,345,832,305
2024-12-24T00:49:19.063366Z,256,345,832,305
2024-12-24T00:49:20.071332Z,256,345,833,305
2024-12-24T00:49:21.083313Z,256,345,832,305
2024-12-24T00:49:22.094276Z,256,345,833,305
2024-12-24T00:49:23.102246Z,256,345,832,305
2024-12-24T00:49:24.114238Z,256,345,833,305
2024-12-24T00:49:25.125195Z,256,345,832,305
2024-12-24T00:49:26.133172Z,256,345,832,305
2024-12-24T00:49:27.144930Z,256,345,832,305
2024-12-24T00:49:28.156072Z,256,345,833,305
2024-12-24T00:49:29.164064Z,256,345,833,305
2024-12-24T00:49:30.175999Z,256,345,832,305
2024-12-24T00:49:31.186986Z,256,345,833,305
2024-12-24T00:49:32.194953Z,256,345,834,305
2024-12-24T00:49:33.206929Z,256,345,832,305
2024-12-24T00:49:34.217901Z,256,345,832,305
2024-12-24T00:49:35.225846Z,256,345,833,305
2024-12-24T00:49:36.237633Z,256,345,833,305
2024-12-24T00:49:37.248592Z,256,345,834,305
2024-12-24T00:49:38.256780Z,256,345,832,305
2024-12-24T00:49:39.267752Z,256,345,832,305
2024-12-24T00:49:40.275682Z,256,345,832,305
2024-12-24T00:49:41.283666Z,256,345,832,305
2024-12-24T00:49:42.294625Z,256,345,832,305
2024-12-24T00:49:43.302589Z,256,345,833,305
2024-12-24T00:49:44.314563Z,256,345,833,305
2024-12-24T00:49:45.325528Z,256,345,834,305
2024-12-24T00:49:46.333505Z,256,345,834,305
2024-12-24T00:49:47.345262Z,256,345,834,305
2024-12-24T00:49:48.356397Z,256,345,834,305
2024-12-24T00:49:49.364417Z,256,345,834,305
2024-12-24T00:49:50.376356Z,256,345,835,305
2024-12-24T00:49:51.387305Z,256,345,835,305
2024-12-24T00:49:52.395302Z,256,344,834,305
2024-12-24T00:49:53.407262Z,256,344,835,305
2024-12-24T00:49:54.418226Z,256,344,835,305
2024-12-24T00:49:55.426175Z,256,345,834,305
2024-12-24T00:49:56.438144Z,256,344,834,305
2024-12-24T00:49:57.449117Z,256,345,834,305
2024-12-24T00:49:58.457101Z,256,344,834,305
2024-12-24T00:49:59.468863Z,256,344,834,305
2024-12-24T00:50:00.480056Z,256,345,834,305
2024-12-24T00:50:01.487992Z,256,345,834,305
2024-12-24T00:50:02.499949Z,256,345,835,305
2024-12-24T00:50:03.510911Z,256,345,835,305
2024-12-24T00:50:04.518905Z,256,345,835,305
2024-12-24T00:50:05.530849Z,256,345,834,305
2024-12-24T00:50:06.541823Z,256,345,834,305
2024-12-24T00:50:07.549790Z,256,345,834,305
2024-12-24T00:50:08.561579Z,256,345,833,304
2024-12-24T00:50:09.572534Z,256,345,834,305
2024-12-24T00:50:10.580665Z,256,345,834,305
2024-12-24T00:50:11.592486Z,256,345,833,305
2024-12-24T00:50:12.603546Z,256,345,832,305
2024-12-24T00:50:13.611595Z,256,345,833,305
2024-12-24T00:50:14.623578Z,256,345,833,305
2024-12-24T00:50:15.634527Z,256,345,833,305
2024-12-24T00:50:16.642492Z,256,345,833,305
2024-12-24T00:50:17.654468Z,256,345,834,305
2024-12-24T00:50:18.665444Z,256,345,834,305
2024-12-24T00:50:19.673405Z,256,345,835,305
2024-12-24T00:50:20.685163Z,256,345,833,306
2024-12-24T00:50:21.696346Z,256,345,833,305
2024-12-24T00:50:22.704312Z,256,345,833,305
2024-12-24T00:50:23.715264Z,256,345,833,306
2024-12-24T00:50:24.723233Z,256,345,832,306
2024-12-24T00:50:25.731193Z,256,345,832,305
2024-12-24T00:50:26.742174Z,256,345,833,305
2024-12-24T00:50:27.750049Z,256,345,834,306
2024-12-24T00:50:28.761909Z,256,345,834,306
2024-12-24T00:50:29.772873Z,256,345,833,306
2024-12-24T00:50:30.781025Z,256,345,834,305
2024-12-24T00:50:31.792800Z,256,345,833,305
2024-12-24T00:50:32.803942Z,256,345,833,306
2024-12-24T00:50:33.811943Z,256,345,832,305
2024-12-24T00:50:34.823904Z,256,345,835,305
2024-12-24T00:50:35.834865Z,256,345,830,305
2024-12-24T00:50:36.842844Z,256,345,832,305
2024-12-24T00:50:37.854815Z,256,345,831,305
2024-12-24T00:50:38.865747Z,256,345,832,305
2024-12-24T00:50:39.873735Z,256,345,831,305
2024-12-24T00:50:40.885488Z,256,345,831,305
2024-12-24T00:50:41.896480Z,256,345,832,306
2024-12-24T00:50:42.904616Z,256,345,831,306
2024-12-24T00:50:43.916449Z,256,345,831,305
2024-12-24T00:50:44.927562Z,256,345,832,305
2024-12-24T00:50:45.935550Z,256,345,834,305
2024-12-24T00:50:46.947523Z,256,345,833,305
2024-12-24T00:50:47.958465Z,256,345,834,305
2024-12-24T00:50:48.967330Z,256,345,834,305
2024-12-24T00:50:49.978389Z,256,345,833,305
2024-12-24T00:50:50.989346Z,256,345,833,305
2024-12-24T00:50:51.997333Z,256,345,834,305
2024-12-24T00:50:53.009095Z,256,345,833,305
2024-12-24T00:50:54.020280Z,256,345,833,305
2024-12-24T00:50:55.028256Z,256,345,832,305
2024-12-24T00:50:56.040211Z,256,345,832,305
2024-12-24T00:50:57.051168Z,256,345,833,305
2024-12-24T00:50:58.059138Z,256,345,832,305
2024-12-24T00:50:59.071074Z,256,345,834,305
2024-12-24T00:51:00.082048Z,255,345,834,305
2024-12-24T00:51:01.090004Z,256,345,832,305
2024-12-24T00:51:02.101820Z,255,345,833,305
2024-12-24T00:51:03.112740Z,256,345,835,305
2024-12-24T00:51:04.120925Z,256,344,834,305
2024-12-24T00:51:05.132754Z,256,345,833,305
2024-12-24T00:51:06.143920Z,255,345,834,305
2024-12-24T00:51:07.151887Z,256,344,834,305
2024-12-24T00:51:08.163829Z,255,345,835,305
2024-12-24T00:51:09.174801Z,255,345,835,305
2024-12-24T00:51:10.182733Z,256,345,834,305
2024-12-24T00:51:11.194682Z,255,344,835,305
2024-12-24T00:51:12.205674Z,255,345,835,305
2024-12-24T00:51:13.213416Z,255,344,835,305
2024-12-24T00:51:14.224446Z,255,345,834,305
2024-12-24T00:51:15.232565Z,255,344,834,305
2024-12-24T00:51:16.240560Z,255,344,834,305
2024-12-24T00:51:17.251493Z,255,345,834,305
2024-12-24T00:51:18.259465Z,255,344,835,305
2024-12-24T00:51:19.271434Z,255,344,834,305
2024-12-24T00:51:20.282408Z,255,344,834,305
2024-12-24T00:51:21.290385Z,255,344,835,305
2024-12-24T00:51:22.302320Z,255,344,835,305
2024-12-24T00:51:23.313289Z,255,344,835,305
2024-12-24T00:51:24.321298Z,255,344,834,305
2024-12-24T00:51:25.333016Z,255,344,834,305
2024-12-24T00:51:26.344229Z,255,344,834,305
2024-12-24T00:51:27.352194Z,255,344,834,305
2024-12-24T00:51:28.364162Z,255,344,834,305
2024-12-24T00:51:29.375121Z,255,344,834,305
2024-12-24T00:51:30.383082Z,255,344,834,305
2024-12-24T00:51:31.395036Z,255,344,833,305
2024-12-24T00:51:32.405853Z,255,344,834,305
2024-12-24T00:51:33.413965Z,255,344,834,305
2024-12-24T00:51:34.425746Z,255,344,834,305
2024-12-24T00:51:35.436699Z,255,344,834,305
2024-12-24T00:51:36.444867Z,255,344,835,305
2024-12-24T00:51:37.456635Z,255,344,834,305
2024-12-24T00:51:38.467795Z,255,344,835,305
2024-12-24T00:51:39.475776Z,255,344,835,305
2024-12-24T00:51:40.487747Z,255,344,835,305
2024-12-24T00:51:41.498694Z,255,344,833,305
2024-12-24T00:51:42.506652Z,255,344,832,305
2024-12-24T00:51:43.518615Z,255,344,834,305
2024-12-24T00:51:44.529599Z,255,344,834,305
2024-12-24T00:51:45.537590Z,255,344,832,305
2024-12-24T00:51:46.549337Z,255,344,833,305
2024-12-24T00:51:47.560410Z,255,344,834,305
2024-12-24T00:51:48.568488Z,255,343,834,305
2024-12-24T00:51:49.580387Z,255,344,834,305
2024-12-24T00:51:50.591385Z,255,344,835,305
2024-12-24T00:51:51.599380Z,255,344,834,305
2024-12-24T00:51:52.611357Z,255,344,833,305
2024-12-24T00:51:53.622306Z,255,344,834,305
2024-12-24T00:51:54.630279Z,255,344,834,305
2024-12-24T00:51:55.642243Z,255,344,835,305
2024-12-24T00:51:56.653064Z,255,344,834,305
2024-12-24T00:51:57.661163Z,255,344,835,305
2024-12-24T00:51:58.672165Z,255,344,835,305
2024-12-24T00:51:59.680110Z,255,344,835,305
2024-12-24T00:52:00.688073Z,255,344,835,305
2024-12-24T00:52:01.699055Z,255,344,835,305
2024-12-24T00:52:02.706997Z,255,344,836,305
2024-12-24T00:52:03.718980Z,255,344,836,305
2024-12-24T00:52:04.729927Z,255,344,835,305
2024-12-24T00:52:05.737899Z,255,344,835,305
2024-12-24T00:52:06.749678Z,255,344,835,305
2024-12-24T00:52:07.760654Z,255,344,835,305
2024-12-24T00:52:08.768795Z,255,344,836,305
2024-12-24T00:52:09.780585Z,255,344,835,305
2024-12-24T00:52:10.791742Z,255,344,834,305
2024-12-24T00:52:11.799710Z,255,344,834,305
2024-12-24T00:52:12.811678Z,255,344,835,305
2024-12-24T00:52:13.822649Z,255,344,834,305
2024-12-24T00:52:14.830609Z,255,344,834,305
2024-12-24T00:52:15.842579Z,255,344,834,305
2024-12-24T00:52:16.853546Z,255,344,834,305
2024-12-24T00:52:17.861519Z,255,344,834,305
2024-12-24T00:52:18.873284Z,255,344,834,305
2024-12-24T00:52:19.884396Z,255,344,834,305
2024-12-24T00:52:20.892422Z,255,344,834,305
2024-12-24T00:52:21.904382Z,255,344,834,305
2024-12-24T00:52:22.915337Z,255,344,834,305
2024-12-24T00:52:23.923299Z,255,344,833,305
2024-12-24T00:52:24.935262Z,255,344,835,305
2024-12-24T00:52:25.946238Z,255,344,834,305
2024-12-24T00:52:26.954192Z,255,344,833,305
2024-12-24T00:52:27.966171Z,255,344,834,305
2024-12-24T00:52:28.977122Z,255,344,834,305
2024-12-24T00:52:29.985100Z,255,344,835,305
2024-12-24T00:52:30.996889Z,255,344,835,305
2024-12-24T00:52:32.007888Z,255,344,834,305
2024-12-24T00:52:33.015990Z,255,344,835,305
2024-12-24T00:52:34.027953Z,255,344,833,305
2024-12-24T00:52:35.038940Z,255,344,834,305
2024-12-24T00:52:36.046906Z,255,344,834,305
2024-12-24T00:52:37.058860Z,255,344,834,305
2024-12-24T00:52:38.069844Z,255,344,833,305
2024-12-24T00:52:39.077824Z,255,344,834,305
2024-12-24T00:52:40.089570Z,255,344,833,305
2024-12-24T00:52:41.100558Z,255,344,833,305
2024-12-24T00:52:42.108688Z,255,344,832,305
2024-12-24T00:52:43.120499Z,255,343,833,305
2024-12-24T00:52:44.131629Z,255,344,833,305
2024-12-24T00:52:45.139618Z,255,343,833,305
2024-12-24T00:52:46.150586Z,255,343,834,305
2024-12-24T00:52:47.158558Z,255,344,834,305
2024-12-24T00:52:48.166497Z,255,343,834,305
2024-12-24T00:52:49.177482Z,255,344,834,305
2024-12-24T00:52:50.185443Z,255,344,834,305
2024-12-24T00:52:51.197227Z,255,343,834,305
2024-12-24T00:52:52.208354Z,255,344,833,305
2024-12-24T00:52:53.216354Z,255,344,834,305
2024-12-24T00:52:54.228320Z,255,344,835,305
2024-12-24T00:52:55.239274Z,255,344,835,305
2024-12-24T00:52:56.247218Z,255,344,834,305
2024-12-24T00:52:57.259216Z,255,344,835,305
2024-12-24T00:52:58.270159Z,255,344,834,305
2024-12-24T00:52:59.278160Z,255,344,834,305
2024-12-24T00:53:00.290113Z,255,344,835,305
2024-12-24T00:53:01.300948Z,255,344,835,305
2024-12-24T00:53:02.309048Z,255,344,835,305
2024-12-24T00:53:03.320870Z,255,344,835,305
2024-12-24T00:53:04.331991Z,255,344,835,306
2024-12-24T00:53:05.339929Z,255,344,836,305
2024-12-24T00:53:06.351914Z,255,344,836,305
2024-12-24T00:53:07.362845Z,255,344,836,305
2024-12-24T00:53:08.370863Z,255,344,836,305
2024-12-24T00:53:09.382810Z,255,344,837,306
2024-12-24T00:53:10.393799Z,255,344,836,305
2024-12-24T00:53:11.401746Z,255,344,837,305
2024-12-24T00:53:12.413532Z,255,344,834,305
2024-12-24T00:53:13.424494Z,255,344,835,305
2024-12-24T00:53:14.432661Z,255,344,835,305
2024-12-24T00:53:15.444440Z,255,344,836,305
2024-12-24T00:53:16.455591Z,255,344,836,305
2024-12-24T00:53:17.463564Z,255,344,836,305
2024-12-24T00:53:18.475534Z,255,344,835,305
2024-12-24T00:53:19.486479Z,255,344,835,305
2024-12-24T00:53:20.494463Z,255,344,836,305
2024-12-24T00:53:21.506402Z,255,344,835,305
2024-12-24T00:53:22.517390Z,255,344,835,305
2024-12-24T00:53:23.525337Z,255,344,835,305
2024-12-24T00:53:24.537129Z,255,344,836,305
2024-12-24T00:53:25.548285Z,255,344,835,305
2024-12-24T00:53:26.556282Z,255,344,835,305
2024-12-24T00:53:27.568261Z,255,344,836,305
2024-12-24T00:53:28.579185Z,255,344,836,305
2024-12-24T00:53:29.587161Z,255,344,836,305
2024-12-24T00:53:30.599109Z,255,344,836,305
2024-12-24T00:53:31.610004Z,255,344,836,305
2024-12-24T00:53:32.618069Z,255,344,836,305
2024-12-24T00:53:33.628827Z,255,344,835,305
2024-12-24T00:53:34.637007Z,255,344,836,305
2024-12-24T00:53:35.644949Z,255,344,836,305
2024-12-24T00:53:36.655918Z,255,344,834,305
2024-12-24T00:53:37.663884Z,255,344,834,305
2024-12-24T00:53:38.675872Z,255,344,834,305
2024-12-24T00:53:39.686832Z,255,344,834,305
2024-12-24T00:53:40.694702Z,255,344,833,306
2024-12-24T00:53:41.706749Z,255,344,833,306
2024-12-24T00:53:42.717585Z,255,344,834,306
2024-12-24T00:53:43.725695Z,255,344,833,306
2024-12-24T00:53:44.737469Z,255,343,833,305
2024-12-24T00:53:45.748483Z,255,344,834,306
2024-12-24T00:53:46.756591Z,255,344,834,305
2024-12-24T00:53:47.768440Z,255,344,834,305
2024-12-24T00:53:48.779531Z,255,344,835,306
2024-12-24T00:53:49.787506Z,255,344,834,306
2024-12-24T00:53:50.799445Z,255,344,834,305
2024-12-24T00:53:51.810424Z,255,344,834,306
2024-12-24T00:53:52.818399Z,255,344,834,306
2024-12-24T00:53:53.830364Z,255,343,835,306
2024-12-24T00:53:54.841328Z,255,343,834,306
2024-12-24T00:53:55.849297Z,255,344,834,306
2024-12-24T00:53:56.861059Z,255,343,836,306
2024-12-24T00:53:57.872793Z,255,343,836,306
2024-12-24T00:53:58.884244Z,255,343,836,305
2024-12-24T00:53:59.896185Z,255,344,835,305
2024-12-24T00:54:00.907114Z,255,344,836,306
2024-12-24T00:54:01.915099Z,255,344,835,305
2024-12-24T00:54:02.927069Z,255,344,836,305
2024-12-24T00:54:03.938023Z,255,344,836,306
2024-12-24T00:54:04.945989Z,255,343,836,305
2024-12-24T00:54:05.957758Z,255,344,836,305
2024-12-24T00:54:06.968729Z,255,344,837,306
2024-12-24T00:54:07.976884Z,255,344,835,305
2024-12-24T00:54:08.988663Z,255,343,836,305
2024-12-24T00:54:09.999841Z,255,344,836,305
2024-12-24T00:54:11.007788Z,255,344,836,305
2024-12-24T00:54:12.019746Z,255,344,836,305
2024-12-24T00:54:13.030736Z,255,343,836,306
2024-12-24T00:54:14.038680Z,255,344,837,305
2024-12-24T00:54:15.050665Z,255,343,836,305
2024-12-24T00:54:16.061609Z,254,344,838,305
2024-12-24T00:54:17.069592Z,254,343,837,305
2024-12-24T00:54:18.081349Z,255,343,836,305
2024-12-24T00:54:19.092435Z,255,343,836,306
2024-12-24T00:54:20.100485Z,254,343,835,305
2024-12-24T00:54:21.112412Z,254,343,835,305
2024-12-24T00:54:22.123431Z,255,343,836,306
2024-12-24T00:54:23.131396Z,255,344,835,306
2024-12-24T00:54:24.143358Z,255,343,836,306
2024-12-24T00:54:25.154326Z,255,343,838,306
2024-12-24T00:54:26.162280Z,254,343,836,306
2024-12-24T00:54:27.174253Z,254,344,836,305
2024-12-24T00:54:28.185245Z,254,344,836,306
2024-12-24T00:54:29.193191Z,254,343,839,305
2024-12-24T00:54:30.204970Z,254,343,838,305
2024-12-24T00:54:31.216152Z,254,344,838,305
2024-12-24T00:54:32.224104Z,255,343,839,305
2024-12-24T00:54:33.236069Z,255,343,836,305
2024-12-24T00:54:34.247018Z,255,343,837,305
2024-12-24T00:54:35.255007Z,255,343,839,305
2024-12-24T00:54:36.266965Z,254,343,838,305
2024-12-24T00:54:37.277925Z,254,343,837,305
2024-12-24T00:54:38.285889Z,254,343,837,305
2024-12-24T00:54:39.297667Z,254,343,837,305
2024-12-24T00:54:40.308635Z,254,343,838,305
2024-12-24T00:54:41.316805Z,254,343,837,305
2024-12-24T00:54:42.327761Z,254,343,838,305
2024-12-24T00:54:43.335722Z,254,343,839,305
2024-12-24T00:54:44.343706Z,254,343,838,305
2024-12-24T00:54:45.354666Z,254,343,839,305
2024-12-24T00:54:46.362641Z,254,343,838,305
2024-12-24T00:54:47.374603Z,254,343,838,305
2024-12-24T00:54:48.385550Z,254,343,838,305
2024-12-24T00:54:49.393513Z,254,343,838,305
2024-12-24T00:54:50.405293Z,254,343,839,305
2024-12-24T00:54:51.416418Z,254,343,838,305
2024-12-24T00:54:52.424445Z,254,343,839,305
2024-12-24T00:54:53.436373Z,254,343,838,305
2024-12-24T00:54:54.447340Z,255,343,838,305
2024-12-24T00:54:55.455323Z,254,343,838,305
2024-12-24T00:54:56.467319Z,254,343,838,305
2024-12-24T00:54:57.478276Z,254,343,839,305
2024-12-24T00:54:58.486220Z,254,343,838,305
2024-12-24T00:54:59.498206Z,254,343,839,305
2024-12-24T00:55:00.509177Z,254,343,838,305
2024-12-24T00:55:01.517122Z,254,343,838,305
2024-12-24T00:55:02.528908Z,254,343,839,305
2024-12-24T00:55:03.540070Z,254,343,838,305
2024-12-24T00:55:04.548027Z,254,343,839,305
2024-12-24T00:55:05.560010Z,254,343,838,305
2024-12-24T00:55:06.570955Z,254,343,839,305
2024-12-24T00:55:07.578941Z,254,343,840,305
2024-12-24T00:55:08.590928Z,254,343,837,305
2024-12-24T00:55:09.601867Z,254,343,838,305
2024-12-24T00:55:10.609844Z,254,343,838,305
2024-12-24T00:55:11.621610Z,254,343,838,305
2024-12-24T00:55:12.632586Z,254,343,838,305
2024-12-24T00:55:13.640747Z,254,343,838,305
2024-12-24T00:55:14.652421Z,254,343,839,305
2024-12-24T00:55:15.663677Z,254,343,839,305
2024-12-24T00:55:16.671630Z,254,343,839,305
2024-12-24T00:55:17.683604Z,254,343,839,305
2024-12-24T00:55:18.694577Z,254,343,839,305
2024-12-24T00:55:19.702543Z,254,343,839,305
2024-12-24T00:55:20.714499Z,254,343,839,304
2024-12-24T00:55:21.725473Z,254,343,839,304
2024-12-24T00:55:22.733298Z,254,343,839,304
2024-12-24T00:55:23.745207Z,254,343,840,304
2024-12-24T00:55:24.756354Z,254,343,840,305
2024-12-24T00:55:25.764364Z,254,343,839,305
2024-12-24T00:55:26.776334Z,254,343,839,305
2024-12-24T00:55:27.787288Z,254,343,839,305
2024-12-24T00:55:28.795243Z,254,343,838,305
2024-12-24T00:55:29.807216Z,254,343,840,305
2024-12-24T00:55:30.818167Z,254,343,839,305
2024-12-24T00:55:31.826144Z,254,343,839,305
2024-12-24T00:55:32.837107Z,254,343,839,305
2024-12-24T00:55:33.845079Z,254,343,839,305
2024-12-24T00:55:34.853039Z,254,343,839,305
2024-12-24T00:55:35.863991Z,254,343,839,305
2024-12-24T00:55:36.871953Z,254,343,839,305
2024-12-24T00:55:37.883938Z,254,343,840,305
2024-12-24T00:55:38.894884Z,253,343,839,305
2024-12-24T00:55:39.902870Z,254,343,839,305
2024-12-24T00:55:40.914813Z,253,343,839,305
2024-12-24T00:55:41.925816Z,254,343,839,305
2024-12-24T00:55:42.933768Z,253,343,838,305
2024-12-24T00:55:43.945544Z,253,343,837,305
2024-12-24T00:55:44.956499Z,253,343,837,305
2024-12-24T00:55:45.964678Z,253,343,837,305
2024-12-24T00:55:46.976448Z,254,343,837,305
2024-12-24T00:55:47.987609Z,253,343,839,305
2024-12-24T00:55:48.995569Z,253,343,839,305
2024-12-24T00:55:50.007534Z,253,343,839,305
2024-12-24T00:55:51.018506Z,253,343,837,305
2024-12-24T00:55:52.026480Z,253,343,836,305
2024-12-24T00:55:53.038414Z,253,343,836,305
2024-12-24T00:55:54.049404Z,253,343,837,305
2024-12-24T00:55:55.057347Z,253,343,837,305
2024-12-24T00:55:56.068401Z,253,343,839,305
2024-12-24T00:55:57.076313Z,253,343,835,305
2024-12-24T00:55:58.084300Z,253,343,836,305
2024-12-24T00:55:59.095252Z,253,343,835,305
2024-12-24T00:56:00.103223Z,253,343,837,305
2024-12-24T00:56:01.111188Z,253,343,839,305
2024-12-24T00:56:02.122120Z,253,343,839,305
2024-12-24T00:56:03.130113Z,253,343,839,305
2024-12-24T00:56:04.142080Z,253,343,839,305
2024-12-24T00:56:05.153055Z,253,343,839,305
2024-12-24T00:56:06.161011Z,253,343,838,305
2024-12-24T00:56:07.172796Z,253,343,837,305
2024-12-24T00:56:08.183970Z,253,343,837,305
2024-12-24T00:56:09.191931Z,253,343,838,305
2024-12-24T00:56:10.203875Z,253,343,837,304
2024-12-24T00:56:11.214845Z,253,343,839,305
2024-12-24T00:56:12.222790Z,253,343,837,305
2024-12-24T00:56:13.234773Z,253,343,837,305
2024-12-24T00:56:14.245740Z,253,343,837,305
2024-12-24T00:56:15.253705Z,253,343,837,305
2024-12-24T00:56:16.265475Z,253,343,837,305
2024-12-24T00:56:17.276453Z,253,343,837,305
2024-12-24T00:56:18.284604Z,253,343,838,305
2024-12-24T00:56:19.296441Z,253,343,837,304
2024-12-24T00:56:20.307547Z,253,343,837,305
2024-12-24T00:56:21.315554Z,253,343,836,305
2024-12-24T00:56:22.327519Z,253,343,836,305
2024-12-24T00:56:23.338476Z,253,343,836,305
2024-12-24T00:56:24.346440Z,253,343,838,305
2024-12-24T00:56:25.358385Z,253,343,839,305
2024-12-24T00:56:26.369347Z,253,343,838,305
2024-12-24T00:56:27.377331Z,253,343,838,305
2024-12-24T00:56:28.389080Z,253,343,838,305
2024-12-24T00:56:29.400275Z,254,343,838,305
2024-12-24T00:56:30.408232Z,253,343,838,305
2024-12-24T00:56:31.420196Z,253,343,835,305
2024-12-24T00:56:32.431127Z,253,343,836,305
2024-12-24T00:56:33.439110Z,253,343,838,305
2024-12-24T00:56:34.451082Z,253,342,838,304
2024-12-24T00:56:35.462021Z,254,343,838,305
2024-12-24T00:56:36.470022Z,253,342,838,305
2024-12-24T00:56:37.481767Z,254,343,838,304
2024-12-24T00:56:38.492756Z,253,343,838,305
2024-12-24T00:56:39.500908Z,253,343,838,305
2024-12-24T00:56:40.512685Z,253,342,838,305
2024-12-24T00:56:41.523801Z,253,343,838,304
2024-12-24T00:56:42.531805Z,253,343,836,304
2024-12-24T00:56:43.542795Z,253,342,838,305
2024-12-24T00:56:44.550769Z,253,342,838,304
2024-12-24T00:56:45.558728Z,254,343,837,304
2024-12-24T00:56:46.569670Z,253,343,837,304
2024-12-24T00:56:47.577638Z,254,343,838,304
2024-12-24T00:56:48.589428Z,253,342,837,304
2024-12-24T00:56:49.600458Z,254,343,837,304
2024-12-24T00:56:50.608542Z,253,342,837,304
2024-12-24T00:56:51.620416Z,254,342,837,304
2024-12-24T00:56:52.631494Z,253,343,837,304
2024-12-24T00:56:53.639449Z,253,343,837,304
2024-12-24T00:56:54.651422Z,253,343,837,304
2024-12-24T00:56:55.662394Z,253,343,837,304
2024-12-24T00:56:56.670354Z,253,343,838,304
2024-12-24T00:56:57.682318Z,253,342,839,304
2024-12-24T00:56:58.693276Z,253,342,838,304
2024-12-24T00:56:59.701241Z,254,342,837,304
2024-12-24T00:57:00.713018Z,253,342,837,304
2024-12-24T00:57:01.724226Z,253,343,838,304
2024-12-24T00:57:02.732167Z,253,342,839,304
2024-12-24T00:57:03.744153Z,253,342,838,304
2024-12-24T00:57:04.755095Z,253,342,838,304
2024-12-24T00:57:05.763961Z,253,342,838,304
2024-12-24T00:57:06.774941Z,253,342,838,304
2024-12-24T00:57:07.785995Z,253,343,838,304
2024-12-24T00:57:08.793960Z,253,342,838,304
2024-12-24T00:57:09.805733Z,253,342,839,304
2024-12-24T00:57:10.816690Z,253,342,839,304
2024-12-24T00:57:11.824862Z,253,342,838,304
2024-12-24T00:57:12.836615Z,253,342,838,304
2024-12-24T00:57:13.847797Z,253,342,838,304
2024-12-24T00:57:14.855771Z,253,342,837,305
2024-12-24T00:57:15.867719Z,253,342,837,304
2024-12-24T00:57:16.878685Z,253,342,837,304
2024-12-24T00:57:17.886653Z,253,342,838,304
2024-12-24T00:57:18.898633Z,253,342,837,304
2024-12-24T00:57:19.909590Z,253,342,838,304
2024-12-24T00:57:20.917557Z,253,342,837,304
2024-12-24T00:57:21.929328Z,253,342,838,304
2024-12-24T00:57:22.940417Z,253,342,839,304
2024-12-24T00:57:23.948454Z,253,342,837,304
2024-12-24T00:57:24.960387Z,253,342,837,304
2024-12-24T00:57:25.971384Z,253,342,836,305
2024-12-24T00:57:26.979340Z,253,342,837,304
2024-12-24T00:57:27.991333Z,253,342,838,304
2024-12-24T00:57:29.002265Z,253,342,837,304
2024-12-24T00:57:30.010255Z,253,342,837,304
2024-12-24T00:57:31.021201Z,253,342,837,304
2024-12-24T00:57:32.029191Z,253,342,836,304
2024-12-24T00:57:33.036483Z,253,342,837,304
2024-12-24T00:57:34.048144Z,253,342,836,304
2024-12-24T00:57:35.056081Z,253,342,836,305
2024-12-24T00:57:36.068067Z,253,342,837,305
2024-12-24T00:57:37.078998Z,253,342,837,304
2024-12-24T00:57:38.086983Z,253,342,837,304
2024-12-24T00:57:39.098963Z,253,342,837,304
2024-12-24T00:57:40.109925Z,253,342,837,304
2024-12-24T00:57:41.117898Z,253,342,838,304
2024-12-24T00:57:42.129658Z,253,342,837,305
2024-12-24T00:57:43.140635Z,253,342,837,304
2024-12-24T00:57:44.148790Z,253,342,837,304
2024-12-24T00:57:45.160579Z,253,342,837,305
2024-12-24T00:57:46.171724Z,253,342,837,305
2024-12-24T00:57:47.179661Z,253,342,838,305
2024-12-24T00:57:48.191635Z,253,342,839,304
2024-12-24T00:57:49.202636Z,253,343,838,304
2024-12-24T00:57:50.210575Z,253,342,838,305
2024-12-24T00:57:51.222559Z,253,342,838,305
2024-12-24T00:57:52.233522Z,253,343,837,305
2024-12-24T00:57:53.241475Z,253,342,838,304
2024-12-24T00:57:54.253259Z,253,342,839,305
2024-12-24T00:57:55.264389Z,253,342,839,305
2024-12-24T00:57:56.272404Z,253,343,838,305
2024-12-24T00:57:57.284358Z,253,342,838,304
2024-12-24T00:57:58.295326Z,253,343,839,305
2024-12-24T00:57:59.303288Z,253,342,838,305
2024-12-24T00:58:00.315248Z,253,342,838,305
2024-12-24T00:58:01.326219Z,253,342,839,304
2024-12-24T00:58:02.334195Z,253,342,837,305
2024-12-24T00:58:03.346151Z,253,342,838,305
2024-12-24T00:58:04.357172Z,253,343,841,305
2024-12-24T00:58:05.365129Z,253,342,839,305
2024-12-24T00:58:06.376859Z,253,343,839,305
2024-12-24T00:58:07.388013Z,253,343,839,305
2024-12-24T00:58:08.396004Z,253,343,839,305
2024-12-24T00:58:09.407936Z,253,343,838,305
2024-12-24T00:58:10.418725Z,253,343,839,305
2024-12-24T00:58:11.426878Z,253,343,839,304
2024-12-24T00:58:12.438851Z,253,343,840,305
2024-12-24T00:58:13.449816Z,253,343,839,305
2024-12-24T00:58:14.457788Z,253,343,838,304
2024-12-24T00:58:15.469562Z,253,343,840,305
2024-12-24T00:58:16.480540Z,253,343,837,305
2024-12-24T00:58:17.488691Z,253,343,838,305
2024-12-24T00:58:18.499644Z,253,343,838,305
2024-12-24T00:58:19.507630Z,253,343,836,304
2024-12-24T00:58:20.515591Z,253,343,838,304
2024-12-24T00:58:21.526557Z,253,343,837,304
2024-12-24T00:58:22.534512Z,253,343,837,305
2024-12-24T00:58:23.546479Z,253,343,837,304
2024-12-24T00:58:24.557469Z,253,343,838,304
2024-12-24T00:58:25.565270Z,253,343,839,304
2024-12-24T00:58:26.577199Z,253,342,838,304
2024-12-24T00:58:27.588361Z,253,343,839,304
2024-12-24T00:58:28.596342Z,253,342,839,304
2024-12-24T00:58:29.608335Z,253,342,839,304
2024-12-24T00:58:30.619178Z,253,342,838,304
2024-12-24T00:58:31.627223Z,253,343,838,304
2024-12-24T00:58:32.639207Z,253,342,839,304
2024-12-24T00:58:33.650161Z,253,343,839,304
2024-12-24T00:58:34.658127Z,253,342,838,304
2024-12-24T00:58:35.670107Z,253,342,838,304
2024-12-24T00:58:36.681078Z,253,343,838,304
2024-12-24T00:58:37.689036Z,253,342,837,304
2024-12-24T00:58:38.700807Z,253,342,838,304
2024-12-24T00:58:39.711964Z,252,342,838,304
2024-12-24T00:58:40.719945Z,253,342,839,304
2024-12-24T00:58:41.731881Z,253,342,838,304
2024-12-24T00:58:42.742869Z,252,342,839,304
2024-12-24T00:58:43.750843Z,253,342,838,304
2024-12-24T00:58:44.762795Z,252,343,839,304
2024-12-24T00:58:45.773778Z,253,342,839,304
2024-12-24T00:58:46.781732Z,253,343,837,304
2024-12-24T00:58:47.793511Z,253,342,838,304
2024-12-24T00:58:48.804517Z,253,342,837,304
2024-12-24T00:58:49.812633Z,253,342,838,304
2024-12-24T00:58:50.824463Z,253,342,837,304
2024-12-24T00:58:51.835572Z,253,342,839,304
2024-12-24T00:58:52.843543Z,253,342,837,304
2024-12-24T00:58:53.855368Z,252,342,839,304
2024-12-24T00:58:54.866465Z,252,343,837,304
2024-12-24T00:58:55.874454Z,252,342,838,304
2024-12-24T00:58:56.886395Z,253,343,837,304
2024-12-24T00:58:57.897366Z,253,342,837,304
2024-12-24T00:58:58.905337Z,252,342,837,304
2024-12-24T00:58:59.917107Z,252,342,837,304
2024-12-24T00:59:00.928279Z,253,342,838,304
2024-12-24T00:59:01.936255Z,252,342,837,304
2024-12-24T00:59:02.948223Z,253,342,837,304
2024-12-24T00:59:03.959175Z,253,342,838,304
2024-12-24T00:59:04.967123Z,253,342,837,304
2024-12-24T00:59:05.978108Z,253,342,836,304
2024-12-24T00:59:06.986049Z,253,342,836,303
2024-12-24T00:59:07.994025Z,253,342,836,304
2024-12-24T00:59:09.004786Z,253,342,836,304
2024-12-24T00:59:10.012964Z,253,342,837,303
2024-12-24T00:59:11.024728Z,253,342,837,303
2024-12-24T00:59:12.035899Z,253,342,838,303
2024-12-24T00:59:13.043853Z,252,342,837,303
2024-12-24T00:59:14.055827Z,252,342,837,303
2024-12-24T00:59:15.066792Z,252,342,836,303
2024-12-24T00:59:16.074771Z,252,342,837,303
2024-12-24T00:59:17.086711Z,252,342,837,303
2024-12-24T00:59:18.097719Z,252,342,837,304
2024-12-24T00:59:19.105676Z,252,342,836,303
2024-12-24T00:59:20.117491Z,252,342,837,303
2024-12-24T00:59:21.128467Z,253,342,837,303
2024-12-24T00:59:22.136572Z,253,342,837,303
2024-12-24T00:59:23.148406Z,252,342,836,303
2024-12-24T00:59:24.159501Z,252,342,836,304
2024-12-24T00:59:25.167459Z,252,342,836,303
2024-12-24T00:59:26.179436Z,252,342,836,304
2024-12-24T00:59:27.190400Z,252,342,836,304
2024-12-24T00:59:28.198375Z,252,342,836,303
2024-12-24T00:59:29.210320Z,252,342,837,304
2024-12-24T00:59:30.221313Z,252,342,836,304
2024-12-24T00:59:31.229242Z,252,342,836,303
2024-12-24T00:59:32.241045Z,252,342,836,304
2024-12-24T00:59:33.252201Z,252,342,836,304
2024-12-24T00:59:34.260192Z,252,342,836,304
2024-12-24T00:59:35.272186Z,252,342,836,304
2024-12-24T00:59:36.283103Z,252,342,835,304
2024-12-24T00:59:37.291039Z,252,342,836,303
2024-12-24T00:59:38.303055Z,252,342,835,303
2024-12-24T00:59:39.314011Z,252,342,835,303
2024-12-24T00:59:40.321967Z,252,342,836,303
2024-12-24T00:59:41.333709Z,253,342,836,303
2024-12-24T00:59:42.344705Z,252,342,836,303
2024-12-24T00:59:43.352863Z,252,342,836,303
2024-12-24T00:59:44.364642Z,252,342,836,303
2024-12-24T00:59:45.375831Z,252,342,835,303
2024-12-24T00:59:46.383771Z,252,342,835,303
2024-12-24T00:59:47.395756Z,252,342,836,303
2024-12-24T00:59:48.406701Z,252,342,836,303
2024-12-24T00:59:49.414654Z,252,342,836,303
2024-12-24T00:59:50.426647Z,252,342,835,303
2024-12-24T00:59:51.437592Z,252,342,837,303
2024-12-24T00:59:52.445562Z,252,342,836,303
2024-12-24T00:59:53.456424Z,252,342,837,304
2024-12-24T00:59:54.464489Z,252,342,836,304
2024-12-24T00:59:55.472495Z,252,342,836,303
2024-12-24T00:59:56.483458Z,252,342,837,304
2024-12-24T00:59:57.491393Z,253,342,837,304
2024-12-24T00:59:58.503378Z,252,342,838,303
2024-12-24T00:59:59.514330Z,252,342,839,304
2024-12-24T01:00:00.522312Z,252,342,839,304
2024-12-24T01:00:01.534232Z,252,342,838,304
2024-12-24T01:00:02.545222Z,253,342,838,304
2024-12-24T01:00:03.553207Z,252,342,837,304
2024-12-24T01:00:04.564412Z,252,342,839,303
2024-12-24T01:00:05.572143Z,252,342,837,304
2024-12-24T01:00:06.580151Z,253,342,838,304
2024-12-24T01:00:07.592148Z,252,341,836,303
2024-12-24T01:00:08.602958Z,252,342,838,303
2024-12-24T01:00:09.611006Z,252,342,838,303
2024-12-24T01:00:10.622988Z,253,342,838,304
2024-12-24T01:00:11.633938Z,253,341,836,304
2024-12-24T01:00:12.641932Z,253,341,836,304
2024-12-24T01:00:13.654209Z,252,342,838,304
2024-12-24T01:00:14.664843Z,253,341,839,304
2024-12-24T01:00:15.672666Z,252,341,838,304
2024-12-24T01:00:16.683772Z,253,342,838,304
2024-12-24T01:00:17.691746Z,252,342,837,304
2024-12-24T01:00:18.699718Z,253,341,837,304
2024-12-24T01:00:19.710669Z,252,341,837,304
2024-12-24T01:00:20.718639Z,253,341,837,303
2024-12-24T01:00:21.730622Z,253,341,839,304
2024-12-24T01:00:22.741580Z,252,341,839,303
2024-12-24T01:00:23.749556Z,252,341,838,303
2024-12-24T01:00:24.761333Z,252,341,838,303
2024-12-24T01:00:25.772420Z,252,341,838,304
2024-12-24T01:00:26.780460Z,252,341,839,303
2024-12-24T01:00:27.792374Z,252,341,837,303
2024-12-24T01:00:28.803376Z,252,341,838,303
2024-12-24T01:00:29.811368Z,253,341,839,303
2024-12-24T01:00:30.823294Z,252,341,838,303
2024-12-24T01:00:31.834291Z,252,341,838,303
2024-12-24T01:00:32.842165Z,252,341,838,303
2024-12-24T01:00:33.854211Z,253,341,838,303
2024-12-24T01:00:34.865170Z,252,341,839,303
2024-12-24T01:00:35.873156Z,252,341,838,303
2024-12-24T01:00:36.884920Z,252,341,839,303
2024-12-24T01:00:37.896096Z,252,341,836,303
2024-12-24T01:00:38.904059Z,252,341,838,303
2024-12-24T01:00:39.916015Z,252,341,837,303
2024-12-24T01:00:40.926981Z,252,341,837,303
2024-12-24T01:00:41.934963Z,252,341,837,303
2024-12-24T01:00:42.946895Z,252,341,837,303
2024-12-24T01:00:43.957888Z,252,341,838,303
2024-12-24T01:00:44.965849Z,252,341,839,303
2024-12-24T01:00:45.977641Z,252,341,838,303
2024-12-24T01:00:46.988577Z,252,341,840,303
2024-12-24T01:00:47.996750Z,252,341,839,303
2024-12-24T01:00:49.008522Z,252,341,838,303
2024-12-24T01:00:50.019672Z,252,341,838,303
2024-12-24T01:00:51.027646Z,252,341,837,303
2024-12-24T01:00:52.039477Z,252,341,838,303
2024-12-24T01:00:53.050499Z,252,341,837,303
2024-12-24T01:00:54.058561Z,252,341,839,303
2024-12-24T01:00:55.070518Z,252,341,839,303
2024-12-24T01:00:56.081499Z,252,341,839,303
2024-12-24T01:00:57.089427Z,252,341,839,303
2024-12-24T01:00:58.101232Z,252,341,840,303
2024-12-24T01:00:59.112380Z,252,342,839,303
2024-12-24T01:01:00.120366Z,252,341,839,303
2024-12-24T01:01:01.132349Z,252,341,839,304
2024-12-24T01:01:02.143303Z,252,342,840,303
2024-12-24T01:01:03.151250Z,252,341,839,303
2024-12-24T01:01:04.163209Z,252,342,839,303
2024-12-24T01:01:05.174183Z,252,342,839,303
2024-12-24T01:01:06.182160Z,252,341,839,303
2024-12-24T01:01:07.193112Z,252,341,840,303
2024-12-24T01:01:08.201112Z,252,342,838,303
2024-12-24T01:01:09.209076Z,252,342,838,303
2024-12-24T01:01:10.220016Z,252,341,838,303
2024-12-24T01:01:11.227958Z,252,341,838,303
2024-12-24T01:01:12.239963Z,252,342,839,303
2024-12-24T01:01:13.250916Z,252,342,839,303
2024-12-24T01:01:14.258909Z,252,342,838,303
2024-12-24T01:01:15.270853Z,252,342,839,303
2024-12-24T01:01:16.281832Z,252,342,837,303
2024-12-24T01:01:17.289781Z,252,342,837,303
2024-12-24T01:01:18.301565Z,252,341,837,303
2024-12-24T01:01:19.312522Z,252,342,838,303
2024-12-24T01:01:20.320685Z,252,342,838,303
2024-12-24T01:01:21.332485Z,252,342,837,303
2024-12-24T01:01:22.343616Z,252,342,838,303
2024-12-24T01:01:23.351601Z,252,342,838,303
2024-12-24T01:01:24.363563Z,252,342,837,303
2024-12-24T01:01:25.374524Z,252,342,837,303
2024-12-24T01:01:26.382507Z,252,342,837,303
2024-12-24T01:01:27.394470Z,252,342,837,303
2024-12-24T01:01:28.405427Z,252,341,838,303
2024-12-24T01:01:29.413376Z,252,341,838,303
2024-12-24T01:01:30.425163Z,252,341,839,303
2024-12-24T01:01:31.436330Z,252,342,838,303
2024-12-24T01:01:32.444293Z,252,341,838,303
2024-12-24T01:01:33.456250Z,252,342,838,303
2024-12-24T01:01:34.467219Z,252,342,838,303
2024-12-24T01:01:35.475175Z,252,341,838,303
2024-12-24T01:01:36.487178Z,252,341,839,303
2024-12-24T01:01:37.498126Z,252,341,840,303
2024-12-24T01:01:38.506097Z,252,341,838,303
2024-12-24T01:01:39.518017Z,252,341,839,303
2024-12-24T01:01:40.528836Z,252,341,840,303
2024-12-24T01:01:41.537000Z,252,341,840,303
2024-12-24T01:01:42.548770Z,252,341,839,303
2024-12-24T01:01:43.559896Z,252,341,840,303
2024-12-24T01:01:44.567900Z,252,341,839,303
2024-12-24T01:01:45.579886Z,252,341,838,303
2024-12-24T01:01:46.590852Z,252,342,839,303
2024-12-24T01:01:47.598807Z,252,341,839,303
2024-12-24T01:01:48.610765Z,252,341,839,303
2024-12-24T01:01:49.621717Z,252,341,839,303
2024-12-24T01:01:50.629695Z,252,341,839,303
2024-12-24T01:01:51.640500Z,252,341,840,303
2024-12-24T01:01:52.648633Z,252,341,838,303
2024-12-24T01:01:53.656593Z,252,341,838,303
2024-12-24T01:01:54.667571Z,252,341,838,303
2024-12-24T01:01:55.675522Z,252,341,840,303
2024-12-24T01:01:56.687501Z,252,341,839,303
2024-12-24T01:01:57.698456Z,252,341,839,303
2024-12-24T01:01:58.706440Z,252,341,839,303
2024-12-24T01:01:59.718379Z,252,341,839,303
2024-12-24T01:02:00.729347Z,252,341,838,303
2024-12-24T01:02:01.737350Z,252,341,838,303
2024-12-24T01:02:02.749094Z,252,341,838,303
2024-12-24T01:02:03.760294Z,252,341,839,303
2024-12-24T01:02:04.768256Z,252,341,839,303
2024-12-24T01:02:05.780221Z,252,341,838,303
2024-12-24T01:02:06.791171Z,252,341,839,303
2024-12-24T01:02:07.799132Z,252,341,839,303
2024-12-24T01:02:08.811104Z,252,341,839,303
2024-12-24T01:02:09.822041Z,252,341,839,303
2024-12-24T01:02:10.830013Z,252,341,839,303
2024-12-24T01:02:11.841787Z,252,341,838,303
2024-12-24T01:02:12.852768Z,252,341,839,303
2024-12-24T01:02:13.860939Z,252,341,839,303
2024-12-24T01:02:14.872701Z,252,341,839,303
2024-12-24T01:02:15.883877Z,252,341,839,303
2024-12-24T01:02:16.891745Z,252,341,839,303
2024-12-24T01:02:17.903810Z,252,341,838,304
2024-12-24T01:02:18.914749Z,252,341,839,303
2024-12-24T01:02:19.922750Z,252,341,839,303
2024-12-24T01:02:20.934709Z,252,341,838,303
2024-12-24T01:02:21.945663Z,252,341,839,303
2024-12-24T01:02:22.953650Z,252,341,839,303
2024-12-24T01:02:23.965409Z,252,341,838,303
2024-12-24T01:02:24.976444Z,252,341,839,303
2024-12-24T01:02:25.984526Z,252,341,838,303
2024-12-24T01:02:26.996413Z,252,341,838,303
2024-12-24T01:02:28.007477Z,252,341,839,303
2024-12-24T01:02:29.015446Z,252,341,839,303
2024-12-24T01:02:30.027394Z,252,341,839,303
2024-12-24T01:02:31.038373Z,252,341,839,303
2024-12-24T01:02:32.046254Z,252,341,839,303
2024-12-24T01:02:33.058289Z,252,340,839,303
2024-12-24T01:02:34.069256Z,252,341,838,303
2024-12-24T01:02:35.077230Z,252,341,839,303
2024-12-24T01:02:36.089010Z,252,341,839,303
2024-12-24T01:02:37.100220Z,252,341,840,303
2024-12-24T01:02:38.108168Z,252,341,839,303
2024-12-24T01:02:39.120106Z,252,341,839,303
2024-12-24T01:02:40.131080Z,252,340,838,303
2024-12-24T01:02:41.139033Z,252,341,839,303
2024-12-24T01:02:42.150016Z,252,341,839,303
2024-12-24T01:02:43.157972Z,252,341,839,303
2024-12-24T01:02:44.165937Z,252,341,839,303
2024-12-24T01:02:45.176727Z,252,341,840,303
2024-12-24T01:02:46.184878Z,252,340,839,303
2024-12-24T01:02:47.196632Z,252,341,839,303
2024-12-24T01:02:48.207812Z,252,341,839,303
2024-12-24T01:02:49.215774Z,252,340,836,303
2024-12-24T01:02:50.227742Z,252,340,838,303
2024-12-24T01:02:51.238692Z,252,340,838,303
2024-12-24T01:02:52.246659Z,252,340,838,303
2024-12-24T01:02:53.258639Z,252,340,839,303
2024-12-24T01:02:54.269604Z,252,340,838,303
2024-12-24T01:02:55.277581Z,252,340,837,303
2024-12-24T01:02:56.289341Z,252,340,838,303
2024-12-24T01:02:57.300427Z,252,340,839,303
2024-12-24T01:02:58.308480Z,252,340,838,303
2024-12-24T01:02:59.320396Z,252,340,839,303
2024-12-24T01:03:00.331396Z,252,341,839,303
2024-12-24T01:03:01.339367Z,252,340,838,303
2024-12-24T01:03:02.351329Z,252,340,838,303
2024-12-24T01:03:03.362314Z,252,341,839,303
2024-12-24T01:03:04.370255Z,252,340,838,303
2024-12-24T01:03:05.382237Z,252,341,837,303
2024-12-24T01:03:06.393184Z,252,340,839,303
2024-12-24T01:03:07.401170Z,251,341,840,303
2024-12-24T01:03:08.412947Z,252,341,837,303
2024-12-24T01:03:09.424088Z,252,341,840,303
2024-12-24T01:03:10.432067Z,251,341,838,303
2024-12-24T01:03:11.444024Z,251,341,839,303
2024-12-24T01:03:12.455004Z,252,341,838,303
2024-12-24T01:03:13.462958Z,252,341,838,303
2024-12-24T01:03:14.474915Z,252,341,840,303
2024-12-24T01:03:15.485905Z,252,341,840,303
2024-12-24T01:03:16.493873Z,252,341,840,303
2024-12-24T01:03:17.505643Z,252,341,839,303
2024-12-24T01:03:18.516606Z,252,341,839,303
2024-12-24T01:03:19.524768Z,252,341,839,303
2024-12-24T01:03:20.536541Z,252,341,839,303
2024-12-24T01:03:21.547696Z,